{"/Users/mehmetcelikten/toefl-prep/backend/src/app.js": {"path":"/Users/mehmetcelikten/toefl-prep/backend/src/app.js","statementMap":{"0":{"start":{"line":1,"column":16},"end":{"line":1,"column":34}},"1":{"start":{"line":2,"column":13},"end":{"line":2,"column":28}},"2":{"start":{"line":3,"column":15},"end":{"line":3,"column":32}},"3":{"start":{"line":5,"column":19},"end":{"line":5,"column":50}},"4":{"start":{"line":6,"column":19},"end":{"line":6,"column":50}},"5":{"start":{"line":7,"column":19},"end":{"line":7,"column":50}},"6":{"start":{"line":8,"column":23},"end":{"line":8,"column":58}},"7":{"start":{"line":9,"column":22},"end":{"line":9,"column":56}},"8":{"start":{"line":10,"column":23},"end":{"line":10,"column":58}},"9":{"start":{"line":11,"column":20},"end":{"line":11,"column":52}},"10":{"start":{"line":13,"column":12},"end":{"line":13,"column":21}},"11":{"start":{"line":16,"column":0},"end":{"line":16,"column":16}},"12":{"start":{"line":17,"column":0},"end":{"line":17,"column":24}},"13":{"start":{"line":18,"column":0},"end":{"line":18,"column":23}},"14":{"start":{"line":21,"column":0},"end":{"line":23,"column":3}},"15":{"start":{"line":22,"column":2},"end":{"line":22,"column":51}},"16":{"start":{"line":26,"column":0},"end":{"line":26,"column":29}},"17":{"start":{"line":27,"column":0},"end":{"line":27,"column":30}},"18":{"start":{"line":28,"column":0},"end":{"line":28,"column":30}},"19":{"start":{"line":29,"column":0},"end":{"line":29,"column":37}},"20":{"start":{"line":30,"column":0},"end":{"line":30,"column":35}},"21":{"start":{"line":31,"column":0},"end":{"line":31,"column":37}},"22":{"start":{"line":32,"column":0},"end":{"line":32,"column":32}},"23":{"start":{"line":35,"column":0},"end":{"line":44,"column":3}},"24":{"start":{"line":36,"column":17},"end":{"line":36,"column":34}},"25":{"start":{"line":37,"column":18},"end":{"line":37,"column":56}},"26":{"start":{"line":39,"column":2},"end":{"line":41,"column":3}},"27":{"start":{"line":40,"column":4},"end":{"line":40,"column":35}},"28":{"start":{"line":43,"column":2},"end":{"line":43,"column":46}},"29":{"start":{"line":46,"column":0},"end":{"line":46,"column":21}}},"fnMap":{"0":{"name":"(anonymous_0)","decl":{"start":{"line":21,"column":19},"end":{"line":21,"column":20}},"loc":{"start":{"line":21,"column":33},"end":{"line":23,"column":1}},"line":21},"1":{"name":"(anonymous_1)","decl":{"start":{"line":35,"column":8},"end":{"line":35,"column":9}},"loc":{"start":{"line":35,"column":33},"end":{"line":44,"column":1}},"line":35}},"branchMap":{"0":{"loc":{"start":{"line":36,"column":17},"end":{"line":36,"column":34}},"type":"binary-expr","locations":[{"start":{"line":36,"column":17},"end":{"line":36,"column":27}},{"start":{"line":36,"column":31},"end":{"line":36,"column":34}}],"line":36},"1":{"loc":{"start":{"line":37,"column":18},"end":{"line":37,"column":56}},"type":"binary-expr","locations":[{"start":{"line":37,"column":18},"end":{"line":37,"column":29}},{"start":{"line":37,"column":33},"end":{"line":37,"column":56}}],"line":37},"2":{"loc":{"start":{"line":39,"column":2},"end":{"line":41,"column":3}},"type":"if","locations":[{"start":{"line":39,"column":2},"end":{"line":41,"column":3}},{"start":{},"end":{}}],"line":39}},"s":{"0":8,"1":8,"2":8,"3":8,"4":8,"5":8,"6":8,"7":8,"8":8,"9":8,"10":8,"11":8,"12":8,"13":8,"14":8,"15":1,"16":8,"17":8,"18":8,"19":8,"20":8,"21":8,"22":8,"23":8,"24":0,"25":0,"26":0,"27":0,"28":0,"29":8},"f":{"0":1,"1":0},"b":{"0":[0,0],"1":[0,0],"2":[0,0]},"_coverageSchema":"1a1c01bbd47fc00a2c39e90264f33305004495a9","hash":"9adc3f5a18c8cc6a9e4e946e241cc2ffc642d9cd"}
,"/Users/mehmetcelikten/toefl-prep/backend/src/db.js": {"path":"/Users/mehmetcelikten/toefl-prep/backend/src/db.js","statementMap":{"0":{"start":{"line":1,"column":17},"end":{"line":1,"column":30}},"1":{"start":{"line":2,"column":15},"end":{"line":2,"column":32}},"2":{"start":{"line":5,"column":0},"end":{"line":7,"column":3}},"3":{"start":{"line":9,"column":13},"end":{"line":15,"column":2}},"4":{"start":{"line":17,"column":0},"end":{"line":19,"column":3}},"5":{"start":{"line":18,"column":2},"end":{"line":18,"column":94}},"6":{"start":{"line":21,"column":0},"end":{"line":24,"column":3}},"7":{"start":{"line":22,"column":2},"end":{"line":22,"column":46}},"8":{"start":{"line":23,"column":2},"end":{"line":23,"column":19}},"9":{"start":{"line":26,"column":0},"end":{"line":26,"column":22}}},"fnMap":{"0":{"name":"(anonymous_0)","decl":{"start":{"line":17,"column":19},"end":{"line":17,"column":20}},"loc":{"start":{"line":17,"column":25},"end":{"line":19,"column":1}},"line":17},"1":{"name":"(anonymous_1)","decl":{"start":{"line":21,"column":17},"end":{"line":21,"column":18}},"loc":{"start":{"line":21,"column":26},"end":{"line":24,"column":1}},"line":21}},"branchMap":{"0":{"loc":{"start":{"line":6,"column":8},"end":{"line":6,"column":62}},"type":"cond-expr","locations":[{"start":{"line":6,"column":42},"end":{"line":6,"column":53}},{"start":{"line":6,"column":56},"end":{"line":6,"column":62}}],"line":6},"1":{"loc":{"start":{"line":10,"column":8},"end":{"line":10,"column":64}},"type":"binary-expr","locations":[{"start":{"line":10,"column":8},"end":{"line":10,"column":27}},{"start":{"line":10,"column":31},"end":{"line":10,"column":49}},{"start":{"line":10,"column":53},"end":{"line":10,"column":64}}],"line":10},"2":{"loc":{"start":{"line":11,"column":8},"end":{"line":11,"column":57}},"type":"binary-expr","locations":[{"start":{"line":11,"column":8},"end":{"line":11,"column":27}},{"start":{"line":11,"column":31},"end":{"line":11,"column":49}},{"start":{"line":11,"column":53},"end":{"line":11,"column":57}}],"line":11},"3":{"loc":{"start":{"line":12,"column":8},"end":{"line":12,"column":63}},"type":"binary-expr","locations":[{"start":{"line":12,"column":8},"end":{"line":12,"column":27}},{"start":{"line":12,"column":31},"end":{"line":12,"column":49}},{"start":{"line":12,"column":53},"end":{"line":12,"column":63}}],"line":12},"4":{"loc":{"start":{"line":13,"column":12},"end":{"line":13,"column":75}},"type":"binary-expr","locations":[{"start":{"line":13,"column":12},"end":{"line":13,"column":35}},{"start":{"line":13,"column":39},"end":{"line":13,"column":61}},{"start":{"line":13,"column":65},"end":{"line":13,"column":75}}],"line":13},"5":{"loc":{"start":{"line":14,"column":12},"end":{"line":14,"column":68}},"type":"binary-expr","locations":[{"start":{"line":14,"column":12},"end":{"line":14,"column":31}},{"start":{"line":14,"column":35},"end":{"line":14,"column":57}},{"start":{"line":14,"column":61},"end":{"line":14,"column":68}}],"line":14},"6":{"loc":{"start":{"line":18,"column":44},"end":{"line":18,"column":89}},"type":"binary-expr","locations":[{"start":{"line":18,"column":44},"end":{"line":18,"column":63}},{"start":{"line":18,"column":67},"end":{"line":18,"column":89}}],"line":18}},"s":{"0":8,"1":8,"2":8,"3":8,"4":8,"5":7,"6":8,"7":0,"8":0,"9":8},"f":{"0":7,"1":0},"b":{"0":[8,0],"1":[8,8,8],"2":[8,8,8],"3":[8,8,8],"4":[8,8,8],"5":[8,8,8],"6":[7,7]},"_coverageSchema":"1a1c01bbd47fc00a2c39e90264f33305004495a9","hash":"28d06b20108559714e68c06acb2a13dff8a326d4"}
,"/Users/mehmetcelikten/toefl-prep/backend/src/controllers/auth.controller.js": {"path":"/Users/mehmetcelikten/toefl-prep/backend/src/controllers/auth.controller.js","statementMap":{"0":{"start":{"line":1,"column":20},"end":{"line":1,"column":55}},"1":{"start":{"line":2,"column":41},"end":{"line":2,"column":65}},"2":{"start":{"line":3,"column":26},"end":{"line":3,"column":49}},"3":{"start":{"line":8,"column":4},"end":{"line":44,"column":5}},"4":{"start":{"line":9,"column":48},"end":{"line":9,"column":56}},"5":{"start":{"line":11,"column":6},"end":{"line":13,"column":7}},"6":{"start":{"line":12,"column":8},"end":{"line":12,"column":78}},"7":{"start":{"line":16,"column":23},"end":{"line":16,"column":59}},"8":{"start":{"line":17,"column":6},"end":{"line":19,"column":7}},"9":{"start":{"line":18,"column":8},"end":{"line":18,"column":75}},"10":{"start":{"line":22,"column":28},"end":{"line":22,"column":56}},"11":{"start":{"line":25,"column":19},"end":{"line":29,"column":8}},"12":{"start":{"line":32,"column":20},"end":{"line":32,"column":69}},"13":{"start":{"line":34,"column":6},"end":{"line":41,"column":9}},"14":{"start":{"line":43,"column":6},"end":{"line":43,"column":16}},"15":{"start":{"line":49,"column":4},"end":{"line":80,"column":5}},"16":{"start":{"line":50,"column":34},"end":{"line":50,"column":42}},"17":{"start":{"line":52,"column":6},"end":{"line":54,"column":7}},"18":{"start":{"line":53,"column":8},"end":{"line":53,"column":78}},"19":{"start":{"line":56,"column":19},"end":{"line":56,"column":55}},"20":{"start":{"line":57,"column":6},"end":{"line":59,"column":7}},"21":{"start":{"line":58,"column":8},"end":{"line":58,"column":70}},"22":{"start":{"line":62,"column":20},"end":{"line":62,"column":70}},"23":{"start":{"line":63,"column":6},"end":{"line":65,"column":7}},"24":{"start":{"line":64,"column":8},"end":{"line":64,"column":70}},"25":{"start":{"line":68,"column":20},"end":{"line":68,"column":69}},"26":{"start":{"line":70,"column":6},"end":{"line":77,"column":9}},"27":{"start":{"line":79,"column":6},"end":{"line":79,"column":16}},"28":{"start":{"line":85,"column":4},"end":{"line":100,"column":5}},"29":{"start":{"line":87,"column":19},"end":{"line":87,"column":58}},"30":{"start":{"line":89,"column":6},"end":{"line":91,"column":7}},"31":{"start":{"line":90,"column":8},"end":{"line":90,"column":65}},"32":{"start":{"line":93,"column":6},"end":{"line":97,"column":9}},"33":{"start":{"line":99,"column":6},"end":{"line":99,"column":16}},"34":{"start":{"line":104,"column":0},"end":{"line":104,"column":32}}},"fnMap":{"0":{"name":"(anonymous_0)","decl":{"start":{"line":7,"column":2},"end":{"line":7,"column":3}},"loc":{"start":{"line":7,"column":40},"end":{"line":45,"column":3}},"line":7},"1":{"name":"(anonymous_1)","decl":{"start":{"line":48,"column":2},"end":{"line":48,"column":3}},"loc":{"start":{"line":48,"column":37},"end":{"line":81,"column":3}},"line":48},"2":{"name":"(anonymous_2)","decl":{"start":{"line":84,"column":2},"end":{"line":84,"column":3}},"loc":{"start":{"line":84,"column":34},"end":{"line":101,"column":3}},"line":84}},"branchMap":{"0":{"loc":{"start":{"line":11,"column":6},"end":{"line":13,"column":7}},"type":"if","locations":[{"start":{"line":11,"column":6},"end":{"line":13,"column":7}},{"start":{},"end":{}}],"line":11},"1":{"loc":{"start":{"line":11,"column":10},"end":{"line":11,"column":29}},"type":"binary-expr","locations":[{"start":{"line":11,"column":10},"end":{"line":11,"column":16}},{"start":{"line":11,"column":20},"end":{"line":11,"column":29}}],"line":11},"2":{"loc":{"start":{"line":17,"column":6},"end":{"line":19,"column":7}},"type":"if","locations":[{"start":{"line":17,"column":6},"end":{"line":19,"column":7}},{"start":{},"end":{}}],"line":17},"3":{"loc":{"start":{"line":52,"column":6},"end":{"line":54,"column":7}},"type":"if","locations":[{"start":{"line":52,"column":6},"end":{"line":54,"column":7}},{"start":{},"end":{}}],"line":52},"4":{"loc":{"start":{"line":52,"column":10},"end":{"line":52,"column":29}},"type":"binary-expr","locations":[{"start":{"line":52,"column":10},"end":{"line":52,"column":16}},{"start":{"line":52,"column":20},"end":{"line":52,"column":29}}],"line":52},"5":{"loc":{"start":{"line":57,"column":6},"end":{"line":59,"column":7}},"type":"if","locations":[{"start":{"line":57,"column":6},"end":{"line":59,"column":7}},{"start":{},"end":{}}],"line":57},"6":{"loc":{"start":{"line":63,"column":6},"end":{"line":65,"column":7}},"type":"if","locations":[{"start":{"line":63,"column":6},"end":{"line":65,"column":7}},{"start":{},"end":{}}],"line":63},"7":{"loc":{"start":{"line":89,"column":6},"end":{"line":91,"column":7}},"type":"if","locations":[{"start":{"line":89,"column":6},"end":{"line":91,"column":7}},{"start":{},"end":{}}],"line":89}},"s":{"0":8,"1":8,"2":8,"3":7,"4":7,"5":7,"6":0,"7":7,"8":7,"9":1,"10":6,"11":6,"12":6,"13":6,"14":0,"15":7,"16":7,"17":7,"18":0,"19":7,"20":7,"21":0,"22":7,"23":7,"24":0,"25":7,"26":7,"27":0,"28":1,"29":1,"30":1,"31":0,"32":1,"33":0,"34":8},"f":{"0":7,"1":7,"2":1},"b":{"0":[0,7],"1":[7,7],"2":[1,6],"3":[0,7],"4":[7,7],"5":[0,7],"6":[0,7],"7":[0,1]},"_coverageSchema":"1a1c01bbd47fc00a2c39e90264f33305004495a9","hash":"db5fdbe9804fe7b0cf01396a7272f9ec2bbbd37a"}
,"/Users/mehmetcelikten/toefl-prep/backend/src/controllers/badge.controller.js": {"path":"/Users/mehmetcelikten/toefl-prep/backend/src/controllers/badge.controller.js","statementMap":{"0":{"start":{"line":1,"column":21},"end":{"line":1,"column":57}},"1":{"start":{"line":5,"column":4},"end":{"line":11,"column":5}},"2":{"start":{"line":6,"column":21},"end":{"line":6,"column":32}},"3":{"start":{"line":7,"column":21},"end":{"line":7,"column":57}},"4":{"start":{"line":8,"column":6},"end":{"line":8,"column":30}},"5":{"start":{"line":10,"column":6},"end":{"line":10,"column":16}},"6":{"start":{"line":15,"column":0},"end":{"line":15,"column":33}}},"fnMap":{"0":{"name":"(anonymous_0)","decl":{"start":{"line":4,"column":2},"end":{"line":4,"column":3}},"loc":{"start":{"line":4,"column":45},"end":{"line":12,"column":3}},"line":4}},"branchMap":{},"s":{"0":8,"1":1,"2":1,"3":1,"4":1,"5":0,"6":8},"f":{"0":1},"b":{},"_coverageSchema":"1a1c01bbd47fc00a2c39e90264f33305004495a9","hash":"428ec7320435b3ef3f50a2303eb889992179456f"}
,"/Users/mehmetcelikten/toefl-prep/backend/src/controllers/exam.controller.js": {"path":"/Users/mehmetcelikten/toefl-prep/backend/src/controllers/exam.controller.js","statementMap":{"0":{"start":{"line":1,"column":20},"end":{"line":1,"column":55}},"1":{"start":{"line":2,"column":24},"end":{"line":2,"column":63}},"2":{"start":{"line":3,"column":21},"end":{"line":3,"column":57}},"3":{"start":{"line":8,"column":4},"end":{"line":14,"column":5}},"4":{"start":{"line":9,"column":23},"end":{"line":9,"column":32}},"5":{"start":{"line":10,"column":20},"end":{"line":10,"column":50}},"6":{"start":{"line":11,"column":6},"end":{"line":11,"column":29}},"7":{"start":{"line":13,"column":6},"end":{"line":13,"column":16}},"8":{"start":{"line":19,"column":4},"end":{"line":33,"column":5}},"9":{"start":{"line":20,"column":17},"end":{"line":20,"column":40}},"10":{"start":{"line":21,"column":6},"end":{"line":23,"column":7}},"11":{"start":{"line":22,"column":8},"end":{"line":22,"column":66}},"12":{"start":{"line":25,"column":19},"end":{"line":25,"column":48}},"13":{"start":{"line":26,"column":6},"end":{"line":28,"column":7}},"14":{"start":{"line":27,"column":8},"end":{"line":27,"column":65}},"15":{"start":{"line":30,"column":6},"end":{"line":30,"column":28}},"16":{"start":{"line":32,"column":6},"end":{"line":32,"column":16}},"17":{"start":{"line":39,"column":4},"end":{"line":76,"column":5}},"18":{"start":{"line":40,"column":17},"end":{"line":40,"column":40}},"19":{"start":{"line":41,"column":6},"end":{"line":43,"column":7}},"20":{"start":{"line":42,"column":8},"end":{"line":42,"column":66}},"21":{"start":{"line":45,"column":26},"end":{"line":45,"column":34}},"22":{"start":{"line":46,"column":6},"end":{"line":48,"column":7}},"23":{"start":{"line":47,"column":8},"end":{"line":47,"column":73}},"24":{"start":{"line":50,"column":21},"end":{"line":50,"column":32}},"25":{"start":{"line":51,"column":21},"end":{"line":51,"column":66}},"26":{"start":{"line":53,"column":6},"end":{"line":55,"column":7}},"27":{"start":{"line":54,"column":8},"end":{"line":54,"column":65}},"28":{"start":{"line":58,"column":23},"end":{"line":62,"column":7}},"29":{"start":{"line":63,"column":24},"end":{"line":63,"column":74}},"30":{"start":{"line":65,"column":6},"end":{"line":73,"column":9}},"31":{"start":{"line":75,"column":6},"end":{"line":75,"column":16}},"32":{"start":{"line":80,"column":0},"end":{"line":80,"column":32}}},"fnMap":{"0":{"name":"(anonymous_0)","decl":{"start":{"line":7,"column":2},"end":{"line":7,"column":3}},"loc":{"start":{"line":7,"column":38},"end":{"line":15,"column":3}},"line":7},"1":{"name":"(anonymous_1)","decl":{"start":{"line":18,"column":2},"end":{"line":18,"column":3}},"loc":{"start":{"line":18,"column":39},"end":{"line":34,"column":3}},"line":18},"2":{"name":"(anonymous_2)","decl":{"start":{"line":38,"column":2},"end":{"line":38,"column":3}},"loc":{"start":{"line":38,"column":38},"end":{"line":77,"column":3}},"line":38}},"branchMap":{"0":{"loc":{"start":{"line":21,"column":6},"end":{"line":23,"column":7}},"type":"if","locations":[{"start":{"line":21,"column":6},"end":{"line":23,"column":7}},{"start":{},"end":{}}],"line":21},"1":{"loc":{"start":{"line":26,"column":6},"end":{"line":28,"column":7}},"type":"if","locations":[{"start":{"line":26,"column":6},"end":{"line":28,"column":7}},{"start":{},"end":{}}],"line":26},"2":{"loc":{"start":{"line":41,"column":6},"end":{"line":43,"column":7}},"type":"if","locations":[{"start":{"line":41,"column":6},"end":{"line":43,"column":7}},{"start":{},"end":{}}],"line":41},"3":{"loc":{"start":{"line":46,"column":6},"end":{"line":48,"column":7}},"type":"if","locations":[{"start":{"line":46,"column":6},"end":{"line":48,"column":7}},{"start":{},"end":{}}],"line":46},"4":{"loc":{"start":{"line":46,"column":10},"end":{"line":46,"column":45}},"type":"binary-expr","locations":[{"start":{"line":46,"column":10},"end":{"line":46,"column":18}},{"start":{"line":46,"column":22},"end":{"line":46,"column":45}}],"line":46},"5":{"loc":{"start":{"line":53,"column":6},"end":{"line":55,"column":7}},"type":"if","locations":[{"start":{"line":53,"column":6},"end":{"line":55,"column":7}},{"start":{},"end":{}}],"line":53}},"s":{"0":8,"1":8,"2":8,"3":1,"4":1,"5":1,"6":1,"7":0,"8":1,"9":1,"10":1,"11":0,"12":1,"13":1,"14":0,"15":1,"16":0,"17":1,"18":1,"19":1,"20":0,"21":1,"22":1,"23":0,"24":1,"25":1,"26":1,"27":0,"28":1,"29":1,"30":1,"31":0,"32":8},"f":{"0":1,"1":1,"2":1},"b":{"0":[0,1],"1":[0,1],"2":[0,1],"3":[0,1],"4":[1,1],"5":[0,1]},"_coverageSchema":"1a1c01bbd47fc00a2c39e90264f33305004495a9","hash":"300fca2e765f292590c7848dd051ae1d6ec8ac61"}
,"/Users/mehmetcelikten/toefl-prep/backend/src/controllers/progress.controller.js": {"path":"/Users/mehmetcelikten/toefl-prep/backend/src/controllers/progress.controller.js","statementMap":{"0":{"start":{"line":1,"column":24},"end":{"line":1,"column":63}},"1":{"start":{"line":2,"column":21},"end":{"line":2,"column":57}},"2":{"start":{"line":6,"column":4},"end":{"line":12,"column":5}},"3":{"start":{"line":7,"column":21},"end":{"line":7,"column":32}},"4":{"start":{"line":8,"column":23},"end":{"line":8,"column":62}},"5":{"start":{"line":9,"column":6},"end":{"line":9,"column":38}},"6":{"start":{"line":11,"column":6},"end":{"line":11,"column":16}},"7":{"start":{"line":17,"column":4},"end":{"line":36,"column":5}},"8":{"start":{"line":18,"column":21},"end":{"line":18,"column":32}},"9":{"start":{"line":19,"column":49},"end":{"line":19,"column":57}},"10":{"start":{"line":21,"column":6},"end":{"line":23,"column":7}},"11":{"start":{"line":22,"column":8},"end":{"line":22,"column":63}},"12":{"start":{"line":25,"column":23},"end":{"line":29,"column":7}},"13":{"start":{"line":31,"column":21},"end":{"line":31,"column":71}},"14":{"start":{"line":33,"column":6},"end":{"line":33,"column":56}},"15":{"start":{"line":35,"column":6},"end":{"line":35,"column":16}},"16":{"start":{"line":40,"column":0},"end":{"line":40,"column":36}}},"fnMap":{"0":{"name":"(anonymous_0)","decl":{"start":{"line":5,"column":2},"end":{"line":5,"column":3}},"loc":{"start":{"line":5,"column":47},"end":{"line":13,"column":3}},"line":5},"1":{"name":"(anonymous_1)","decl":{"start":{"line":16,"column":2},"end":{"line":16,"column":3}},"loc":{"start":{"line":16,"column":46},"end":{"line":37,"column":3}},"line":16}},"branchMap":{"0":{"loc":{"start":{"line":9,"column":22},"end":{"line":9,"column":36}},"type":"binary-expr","locations":[{"start":{"line":9,"column":22},"end":{"line":9,"column":30}},{"start":{"line":9,"column":34},"end":{"line":9,"column":36}}],"line":9},"1":{"loc":{"start":{"line":21,"column":6},"end":{"line":23,"column":7}},"type":"if","locations":[{"start":{"line":21,"column":6},"end":{"line":23,"column":7}},{"start":{},"end":{}}],"line":21},"2":{"loc":{"start":{"line":21,"column":10},"end":{"line":21,"column":82}},"type":"binary-expr","locations":[{"start":{"line":21,"column":10},"end":{"line":21,"column":44}},{"start":{"line":21,"column":48},"end":{"line":21,"column":82}}],"line":21}},"s":{"0":8,"1":8,"2":1,"3":1,"4":1,"5":1,"6":0,"7":1,"8":1,"9":1,"10":1,"11":0,"12":1,"13":1,"14":1,"15":0,"16":8},"f":{"0":1,"1":1},"b":{"0":[1,0],"1":[0,1],"2":[1,1]},"_coverageSchema":"1a1c01bbd47fc00a2c39e90264f33305004495a9","hash":"4732da8821af2adf248e22d245177525a24c2ce2"}
,"/Users/mehmetcelikten/toefl-prep/backend/src/controllers/speaking.controller.js": {"path":"/Users/mehmetcelikten/toefl-prep/backend/src/controllers/speaking.controller.js","statementMap":{"0":{"start":{"line":1,"column":24},"end":{"line":1,"column":63}},"1":{"start":{"line":2,"column":24},"end":{"line":2,"column":63}},"2":{"start":{"line":3,"column":21},"end":{"line":3,"column":57}},"3":{"start":{"line":8,"column":4},"end":{"line":13,"column":5}},"4":{"start":{"line":9,"column":22},"end":{"line":9,"column":56}},"5":{"start":{"line":10,"column":6},"end":{"line":10,"column":31}},"6":{"start":{"line":12,"column":6},"end":{"line":12,"column":16}},"7":{"start":{"line":18,"column":4},"end":{"line":27,"column":5}},"8":{"start":{"line":19,"column":21},"end":{"line":19,"column":31}},"9":{"start":{"line":20,"column":21},"end":{"line":20,"column":60}},"10":{"start":{"line":21,"column":6},"end":{"line":23,"column":7}},"11":{"start":{"line":22,"column":8},"end":{"line":22,"column":67}},"12":{"start":{"line":24,"column":6},"end":{"line":24,"column":30}},"13":{"start":{"line":26,"column":6},"end":{"line":26,"column":16}},"14":{"start":{"line":33,"column":4},"end":{"line":75,"column":5}},"15":{"start":{"line":34,"column":21},"end":{"line":34,"column":32}},"16":{"start":{"line":35,"column":51},"end":{"line":35,"column":59}},"17":{"start":{"line":37,"column":6},"end":{"line":39,"column":7}},"18":{"start":{"line":38,"column":8},"end":{"line":38,"column":80}},"19":{"start":{"line":42,"column":24},"end":{"line":42,"column":71}},"20":{"start":{"line":43,"column":20},"end":{"line":43,"column":59}},"21":{"start":{"line":45,"column":22},"end":{"line":58,"column":8}},"22":{"start":{"line":61,"column":23},"end":{"line":65,"column":7}},"23":{"start":{"line":66,"column":24},"end":{"line":66,"column":74}},"24":{"start":{"line":68,"column":6},"end":{"line":72,"column":9}},"25":{"start":{"line":74,"column":6},"end":{"line":74,"column":16}},"26":{"start":{"line":80,"column":4},"end":{"line":86,"column":5}},"27":{"start":{"line":81,"column":21},"end":{"line":81,"column":32}},"28":{"start":{"line":82,"column":23},"end":{"line":82,"column":70}},"29":{"start":{"line":83,"column":6},"end":{"line":83,"column":32}},"30":{"start":{"line":85,"column":6},"end":{"line":85,"column":16}},"31":{"start":{"line":90,"column":0},"end":{"line":90,"column":36}}},"fnMap":{"0":{"name":"(anonymous_0)","decl":{"start":{"line":7,"column":2},"end":{"line":7,"column":3}},"loc":{"start":{"line":7,"column":42},"end":{"line":14,"column":3}},"line":7},"1":{"name":"(anonymous_1)","decl":{"start":{"line":17,"column":2},"end":{"line":17,"column":3}},"loc":{"start":{"line":17,"column":45},"end":{"line":28,"column":3}},"line":17},"2":{"name":"(anonymous_2)","decl":{"start":{"line":32,"column":2},"end":{"line":32,"column":3}},"loc":{"start":{"line":32,"column":45},"end":{"line":76,"column":3}},"line":32},"3":{"name":"(anonymous_3)","decl":{"start":{"line":79,"column":2},"end":{"line":79,"column":3}},"loc":{"start":{"line":79,"column":45},"end":{"line":87,"column":3}},"line":79}},"branchMap":{"0":{"loc":{"start":{"line":21,"column":6},"end":{"line":23,"column":7}},"type":"if","locations":[{"start":{"line":21,"column":6},"end":{"line":23,"column":7}},{"start":{},"end":{}}],"line":21},"1":{"loc":{"start":{"line":37,"column":6},"end":{"line":39,"column":7}},"type":"if","locations":[{"start":{"line":37,"column":6},"end":{"line":39,"column":7}},{"start":{},"end":{}}],"line":37},"2":{"loc":{"start":{"line":37,"column":10},"end":{"line":37,"column":34}},"type":"binary-expr","locations":[{"start":{"line":37,"column":10},"end":{"line":37,"column":20}},{"start":{"line":37,"column":24},"end":{"line":37,"column":34}}],"line":37},"3":{"loc":{"start":{"line":42,"column":24},"end":{"line":42,"column":71}},"type":"cond-expr","locations":[{"start":{"line":42,"column":37},"end":{"line":42,"column":67}},{"start":{"line":42,"column":70},"end":{"line":42,"column":71}}],"line":42}},"s":{"0":8,"1":8,"2":8,"3":1,"4":1,"5":1,"6":0,"7":1,"8":1,"9":1,"10":1,"11":0,"12":1,"13":0,"14":1,"15":1,"16":1,"17":1,"18":0,"19":1,"20":1,"21":1,"22":1,"23":1,"24":1,"25":0,"26":0,"27":0,"28":0,"29":0,"30":0,"31":8},"f":{"0":1,"1":1,"2":1,"3":0},"b":{"0":[0,1],"1":[0,1],"2":[1,1],"3":[1,0]},"_coverageSchema":"1a1c01bbd47fc00a2c39e90264f33305004495a9","hash":"640ea4f4cbcfd72f74434cc565b5c6cae09012f4"}
,"/Users/mehmetcelikten/toefl-prep/backend/src/controllers/word.controller.js": {"path":"/Users/mehmetcelikten/toefl-prep/backend/src/controllers/word.controller.js","statementMap":{"0":{"start":{"line":1,"column":20},"end":{"line":1,"column":55}},"1":{"start":{"line":6,"column":4},"end":{"line":13,"column":5}},"2":{"start":{"line":7,"column":20},"end":{"line":7,"column":51}},"3":{"start":{"line":8,"column":21},"end":{"line":8,"column":52}},"4":{"start":{"line":9,"column":20},"end":{"line":9,"column":59}},"5":{"start":{"line":10,"column":6},"end":{"line":10,"column":29}},"6":{"start":{"line":12,"column":6},"end":{"line":12,"column":16}},"7":{"start":{"line":18,"column":4},"end":{"line":27,"column":5}},"8":{"start":{"line":19,"column":21},"end":{"line":19,"column":31}},"9":{"start":{"line":20,"column":19},"end":{"line":20,"column":48}},"10":{"start":{"line":21,"column":6},"end":{"line":23,"column":7}},"11":{"start":{"line":22,"column":8},"end":{"line":22,"column":65}},"12":{"start":{"line":24,"column":6},"end":{"line":24,"column":28}},"13":{"start":{"line":26,"column":6},"end":{"line":26,"column":16}},"14":{"start":{"line":32,"column":4},"end":{"line":49,"column":5}},"15":{"start":{"line":33,"column":48},"end":{"line":33,"column":56}},"16":{"start":{"line":35,"column":6},"end":{"line":37,"column":7}},"17":{"start":{"line":36,"column":8},"end":{"line":36,"column":80}},"18":{"start":{"line":39,"column":22},"end":{"line":44,"column":8}},"19":{"start":{"line":46,"column":6},"end":{"line":46,"column":43}},"20":{"start":{"line":48,"column":6},"end":{"line":48,"column":16}},"21":{"start":{"line":54,"column":4},"end":{"line":72,"column":5}},"22":{"start":{"line":55,"column":21},"end":{"line":55,"column":31}},"23":{"start":{"line":56,"column":48},"end":{"line":56,"column":56}},"24":{"start":{"line":58,"column":26},"end":{"line":63,"column":8}},"25":{"start":{"line":65,"column":6},"end":{"line":67,"column":7}},"26":{"start":{"line":66,"column":8},"end":{"line":66,"column":65}},"27":{"start":{"line":69,"column":6},"end":{"line":69,"column":35}},"28":{"start":{"line":71,"column":6},"end":{"line":71,"column":16}},"29":{"start":{"line":77,"column":4},"end":{"line":88,"column":5}},"30":{"start":{"line":78,"column":21},"end":{"line":78,"column":31}},"31":{"start":{"line":79,"column":22},"end":{"line":79,"column":50}},"32":{"start":{"line":81,"column":6},"end":{"line":83,"column":7}},"33":{"start":{"line":82,"column":8},"end":{"line":82,"column":65}},"34":{"start":{"line":85,"column":6},"end":{"line":85,"column":57}},"35":{"start":{"line":87,"column":6},"end":{"line":87,"column":16}},"36":{"start":{"line":93,"column":4},"end":{"line":99,"column":5}},"37":{"start":{"line":94,"column":20},"end":{"line":94,"column":51}},"38":{"start":{"line":95,"column":20},"end":{"line":95,"column":54}},"39":{"start":{"line":96,"column":6},"end":{"line":96,"column":29}},"40":{"start":{"line":98,"column":6},"end":{"line":98,"column":16}},"41":{"start":{"line":103,"column":0},"end":{"line":103,"column":32}}},"fnMap":{"0":{"name":"(anonymous_0)","decl":{"start":{"line":5,"column":2},"end":{"line":5,"column":3}},"loc":{"start":{"line":5,"column":38},"end":{"line":14,"column":3}},"line":5},"1":{"name":"(anonymous_1)","decl":{"start":{"line":17,"column":2},"end":{"line":17,"column":3}},"loc":{"start":{"line":17,"column":39},"end":{"line":28,"column":3}},"line":17},"2":{"name":"(anonymous_2)","decl":{"start":{"line":31,"column":2},"end":{"line":31,"column":3}},"loc":{"start":{"line":31,"column":38},"end":{"line":50,"column":3}},"line":31},"3":{"name":"(anonymous_3)","decl":{"start":{"line":53,"column":2},"end":{"line":53,"column":3}},"loc":{"start":{"line":53,"column":38},"end":{"line":73,"column":3}},"line":53},"4":{"name":"(anonymous_4)","decl":{"start":{"line":76,"column":2},"end":{"line":76,"column":3}},"loc":{"start":{"line":76,"column":38},"end":{"line":89,"column":3}},"line":76},"5":{"name":"(anonymous_5)","decl":{"start":{"line":92,"column":2},"end":{"line":92,"column":3}},"loc":{"start":{"line":92,"column":41},"end":{"line":100,"column":3}},"line":92}},"branchMap":{"0":{"loc":{"start":{"line":7,"column":20},"end":{"line":7,"column":51}},"type":"binary-expr","locations":[{"start":{"line":7,"column":20},"end":{"line":7,"column":45}},{"start":{"line":7,"column":49},"end":{"line":7,"column":51}}],"line":7},"1":{"loc":{"start":{"line":8,"column":21},"end":{"line":8,"column":52}},"type":"binary-expr","locations":[{"start":{"line":8,"column":21},"end":{"line":8,"column":47}},{"start":{"line":8,"column":51},"end":{"line":8,"column":52}}],"line":8},"2":{"loc":{"start":{"line":21,"column":6},"end":{"line":23,"column":7}},"type":"if","locations":[{"start":{"line":21,"column":6},"end":{"line":23,"column":7}},{"start":{},"end":{}}],"line":21},"3":{"loc":{"start":{"line":35,"column":6},"end":{"line":37,"column":7}},"type":"if","locations":[{"start":{"line":35,"column":6},"end":{"line":37,"column":7}},{"start":{},"end":{}}],"line":35},"4":{"loc":{"start":{"line":35,"column":10},"end":{"line":35,"column":27}},"type":"binary-expr","locations":[{"start":{"line":35,"column":10},"end":{"line":35,"column":15}},{"start":{"line":35,"column":19},"end":{"line":35,"column":27}}],"line":35},"5":{"loc":{"start":{"line":65,"column":6},"end":{"line":67,"column":7}},"type":"if","locations":[{"start":{"line":65,"column":6},"end":{"line":67,"column":7}},{"start":{},"end":{}}],"line":65},"6":{"loc":{"start":{"line":81,"column":6},"end":{"line":83,"column":7}},"type":"if","locations":[{"start":{"line":81,"column":6},"end":{"line":83,"column":7}},{"start":{},"end":{}}],"line":81},"7":{"loc":{"start":{"line":94,"column":20},"end":{"line":94,"column":51}},"type":"binary-expr","locations":[{"start":{"line":94,"column":20},"end":{"line":94,"column":45}},{"start":{"line":94,"column":49},"end":{"line":94,"column":51}}],"line":94}},"s":{"0":8,"1":1,"2":1,"3":1,"4":1,"5":1,"6":0,"7":2,"8":2,"9":2,"10":2,"11":1,"12":1,"13":0,"14":2,"15":2,"16":2,"17":1,"18":1,"19":1,"20":0,"21":1,"22":1,"23":1,"24":1,"25":1,"26":0,"27":1,"28":0,"29":1,"30":1,"31":1,"32":1,"33":0,"34":1,"35":0,"36":0,"37":0,"38":0,"39":0,"40":0,"41":8},"f":{"0":1,"1":2,"2":2,"3":1,"4":1,"5":0},"b":{"0":[1,1],"1":[1,1],"2":[1,1],"3":[1,1],"4":[2,2],"5":[0,1],"6":[0,1],"7":[0,0]},"_coverageSchema":"1a1c01bbd47fc00a2c39e90264f33305004495a9","hash":"ffe0c75789fecc47f006780cedadb124fc3250e1"}
,"/Users/mehmetcelikten/toefl-prep/backend/src/controllers/writing.controller.js": {"path":"/Users/mehmetcelikten/toefl-prep/backend/src/controllers/writing.controller.js","statementMap":{"0":{"start":{"line":1,"column":23},"end":{"line":1,"column":61}},"1":{"start":{"line":2,"column":24},"end":{"line":2,"column":63}},"2":{"start":{"line":3,"column":21},"end":{"line":3,"column":57}},"3":{"start":{"line":8,"column":4},"end":{"line":51,"column":5}},"4":{"start":{"line":9,"column":21},"end":{"line":9,"column":32}},"5":{"start":{"line":10,"column":37},"end":{"line":10,"column":45}},"6":{"start":{"line":12,"column":6},"end":{"line":16,"column":7}},"7":{"start":{"line":13,"column":8},"end":{"line":15,"column":65}},"8":{"start":{"line":19,"column":24},"end":{"line":19,"column":59}},"9":{"start":{"line":20,"column":28},"end":{"line":20,"column":67}},"10":{"start":{"line":21,"column":28},"end":{"line":21,"column":29}},"11":{"start":{"line":22,"column":31},"end":{"line":22,"column":32}},"12":{"start":{"line":24,"column":8},"end":{"line":24,"column":66}},"13":{"start":{"line":26,"column":22},"end":{"line":34,"column":8}},"14":{"start":{"line":37,"column":23},"end":{"line":41,"column":7}},"15":{"start":{"line":42,"column":24},"end":{"line":42,"column":74}},"16":{"start":{"line":44,"column":6},"end":{"line":48,"column":9}},"17":{"start":{"line":50,"column":6},"end":{"line":50,"column":16}},"18":{"start":{"line":56,"column":4},"end":{"line":62,"column":5}},"19":{"start":{"line":57,"column":21},"end":{"line":57,"column":32}},"20":{"start":{"line":58,"column":23},"end":{"line":58,"column":69}},"21":{"start":{"line":59,"column":6},"end":{"line":59,"column":32}},"22":{"start":{"line":61,"column":6},"end":{"line":61,"column":16}},"23":{"start":{"line":67,"column":4},"end":{"line":75,"column":5}},"24":{"start":{"line":68,"column":22},"end":{"line":68,"column":72}},"25":{"start":{"line":69,"column":6},"end":{"line":71,"column":7}},"26":{"start":{"line":70,"column":8},"end":{"line":70,"column":68}},"27":{"start":{"line":72,"column":6},"end":{"line":72,"column":31}},"28":{"start":{"line":74,"column":6},"end":{"line":74,"column":16}},"29":{"start":{"line":79,"column":0},"end":{"line":79,"column":35}}},"fnMap":{"0":{"name":"(anonymous_0)","decl":{"start":{"line":7,"column":2},"end":{"line":7,"column":3}},"loc":{"start":{"line":7,"column":45},"end":{"line":52,"column":3}},"line":7},"1":{"name":"(anonymous_1)","decl":{"start":{"line":55,"column":2},"end":{"line":55,"column":3}},"loc":{"start":{"line":55,"column":47},"end":{"line":63,"column":3}},"line":55},"2":{"name":"(anonymous_2)","decl":{"start":{"line":66,"column":2},"end":{"line":66,"column":3}},"loc":{"start":{"line":66,"column":46},"end":{"line":76,"column":3}},"line":66}},"branchMap":{"0":{"loc":{"start":{"line":12,"column":6},"end":{"line":16,"column":7}},"type":"if","locations":[{"start":{"line":12,"column":6},"end":{"line":16,"column":7}},{"start":{},"end":{}}],"line":12},"1":{"loc":{"start":{"line":12,"column":10},"end":{"line":12,"column":32}},"type":"binary-expr","locations":[{"start":{"line":12,"column":10},"end":{"line":12,"column":19}},{"start":{"line":12,"column":23},"end":{"line":12,"column":32}}],"line":12},"2":{"loc":{"start":{"line":69,"column":6},"end":{"line":71,"column":7}},"type":"if","locations":[{"start":{"line":69,"column":6},"end":{"line":71,"column":7}},{"start":{},"end":{}}],"line":69}},"s":{"0":8,"1":8,"2":8,"3":1,"4":1,"5":1,"6":1,"7":0,"8":1,"9":1,"10":1,"11":1,"12":1,"13":1,"14":1,"15":1,"16":1,"17":0,"18":1,"19":1,"20":1,"21":1,"22":0,"23":1,"24":1,"25":1,"26":0,"27":1,"28":0,"29":8},"f":{"0":1,"1":1,"2":1},"b":{"0":[0,1],"1":[1,1],"2":[0,1]},"_coverageSchema":"1a1c01bbd47fc00a2c39e90264f33305004495a9","hash":"b49cda46ebe885fc4187929181848323d734a0de"}
,"/Users/mehmetcelikten/toefl-prep/backend/src/middleware/auth.middleware.js": {"path":"/Users/mehmetcelikten/toefl-prep/backend/src/middleware/auth.middleware.js","statementMap":{"0":{"start":{"line":1,"column":24},"end":{"line":1,"column":47}},"1":{"start":{"line":4,"column":21},"end":{"line":4,"column":49}},"2":{"start":{"line":6,"column":2},"end":{"line":8,"column":3}},"3":{"start":{"line":7,"column":4},"end":{"line":7,"column":64}},"4":{"start":{"line":10,"column":16},"end":{"line":10,"column":40}},"5":{"start":{"line":11,"column":18},"end":{"line":11,"column":36}},"6":{"start":{"line":13,"column":2},"end":{"line":15,"column":3}},"7":{"start":{"line":14,"column":4},"end":{"line":14,"column":71}},"8":{"start":{"line":17,"column":2},"end":{"line":17,"column":21}},"9":{"start":{"line":18,"column":2},"end":{"line":18,"column":9}},"10":{"start":{"line":21,"column":0},"end":{"line":21,"column":32}}},"fnMap":{"0":{"name":"authMiddleware","decl":{"start":{"line":3,"column":9},"end":{"line":3,"column":23}},"loc":{"start":{"line":3,"column":40},"end":{"line":19,"column":1}},"line":3}},"branchMap":{"0":{"loc":{"start":{"line":6,"column":2},"end":{"line":8,"column":3}},"type":"if","locations":[{"start":{"line":6,"column":2},"end":{"line":8,"column":3}},{"start":{},"end":{}}],"line":6},"1":{"loc":{"start":{"line":6,"column":6},"end":{"line":6,"column":54}},"type":"binary-expr","locations":[{"start":{"line":6,"column":6},"end":{"line":6,"column":17}},{"start":{"line":6,"column":21},"end":{"line":6,"column":54}}],"line":6},"2":{"loc":{"start":{"line":13,"column":2},"end":{"line":15,"column":3}},"type":"if","locations":[{"start":{"line":13,"column":2},"end":{"line":15,"column":3}},{"start":{},"end":{}}],"line":13}},"s":{"0":8,"1":20,"2":20,"3":0,"4":20,"5":20,"6":20,"7":0,"8":20,"9":20,"10":8},"f":{"0":20},"b":{"0":[0,20],"1":[20,20],"2":[0,20]},"_coverageSchema":"1a1c01bbd47fc00a2c39e90264f33305004495a9","hash":"e09729bfb1426d601d47197970c6ad26e02b911c"}
,"/Users/mehmetcelikten/toefl-prep/backend/src/routes/auth.routes.js": {"path":"/Users/mehmetcelikten/toefl-prep/backend/src/routes/auth.routes.js","statementMap":{"0":{"start":{"line":1,"column":16},"end":{"line":1,"column":34}},"1":{"start":{"line":2,"column":15},"end":{"line":2,"column":31}},"2":{"start":{"line":4,"column":23},"end":{"line":4,"column":64}},"3":{"start":{"line":5,"column":23},"end":{"line":5,"column":63}},"4":{"start":{"line":10,"column":0},"end":{"line":10,"column":50}},"5":{"start":{"line":14,"column":0},"end":{"line":14,"column":44}},"6":{"start":{"line":18,"column":0},"end":{"line":18,"column":53}},"7":{"start":{"line":20,"column":0},"end":{"line":20,"column":24}}},"fnMap":{},"branchMap":{},"s":{"0":8,"1":8,"2":8,"3":8,"4":8,"5":8,"6":8,"7":8},"f":{},"b":{},"_coverageSchema":"1a1c01bbd47fc00a2c39e90264f33305004495a9","hash":"d37dd6b83a38ebacf4b0b9f05b35bbe8b36576bb"}
,"/Users/mehmetcelikten/toefl-prep/backend/src/routes/badge.routes.js": {"path":"/Users/mehmetcelikten/toefl-prep/backend/src/routes/badge.routes.js","statementMap":{"0":{"start":{"line":1,"column":16},"end":{"line":1,"column":34}},"1":{"start":{"line":2,"column":15},"end":{"line":2,"column":31}},"2":{"start":{"line":3,"column":24},"end":{"line":3,"column":66}},"3":{"start":{"line":4,"column":23},"end":{"line":4,"column":63}},"4":{"start":{"line":7,"column":0},"end":{"line":7,"column":63}},"5":{"start":{"line":9,"column":0},"end":{"line":9,"column":24}}},"fnMap":{},"branchMap":{},"s":{"0":8,"1":8,"2":8,"3":8,"4":8,"5":8},"f":{},"b":{},"_coverageSchema":"1a1c01bbd47fc00a2c39e90264f33305004495a9","hash":"38a85a7ca734697f1457344fe77a4a3bd0046785"}
,"/Users/mehmetcelikten/toefl-prep/backend/src/routes/exam.routes.js": {"path":"/Users/mehmetcelikten/toefl-prep/backend/src/routes/exam.routes.js","statementMap":{"0":{"start":{"line":1,"column":16},"end":{"line":1,"column":34}},"1":{"start":{"line":2,"column":15},"end":{"line":2,"column":31}},"2":{"start":{"line":4,"column":23},"end":{"line":4,"column":64}},"3":{"start":{"line":5,"column":23},"end":{"line":5,"column":63}},"4":{"start":{"line":8,"column":0},"end":{"line":8,"column":55}},"5":{"start":{"line":11,"column":0},"end":{"line":11,"column":59}},"6":{"start":{"line":14,"column":0},"end":{"line":14,"column":66}},"7":{"start":{"line":16,"column":0},"end":{"line":16,"column":24}}},"fnMap":{},"branchMap":{},"s":{"0":8,"1":8,"2":8,"3":8,"4":8,"5":8,"6":8,"7":8},"f":{},"b":{},"_coverageSchema":"1a1c01bbd47fc00a2c39e90264f33305004495a9","hash":"82cc4768934e343248038d77d834623b776ad148"}
,"/Users/mehmetcelikten/toefl-prep/backend/src/routes/progress.routes.js": {"path":"/Users/mehmetcelikten/toefl-prep/backend/src/routes/progress.routes.js","statementMap":{"0":{"start":{"line":1,"column":16},"end":{"line":1,"column":34}},"1":{"start":{"line":2,"column":15},"end":{"line":2,"column":31}},"2":{"start":{"line":3,"column":27},"end":{"line":3,"column":72}},"3":{"start":{"line":4,"column":23},"end":{"line":4,"column":63}},"4":{"start":{"line":7,"column":0},"end":{"line":7,"column":68}},"5":{"start":{"line":8,"column":0},"end":{"line":8,"column":74}},"6":{"start":{"line":10,"column":0},"end":{"line":10,"column":24}}},"fnMap":{},"branchMap":{},"s":{"0":8,"1":8,"2":8,"3":8,"4":8,"5":8,"6":8},"f":{},"b":{},"_coverageSchema":"1a1c01bbd47fc00a2c39e90264f33305004495a9","hash":"d5097afa2f287c30c628b52eb50a41239cbe84a9"}
,"/Users/mehmetcelikten/toefl-prep/backend/src/routes/speaking.routes.js": {"path":"/Users/mehmetcelikten/toefl-prep/backend/src/routes/speaking.routes.js","statementMap":{"0":{"start":{"line":1,"column":16},"end":{"line":1,"column":34}},"1":{"start":{"line":2,"column":15},"end":{"line":2,"column":31}},"2":{"start":{"line":3,"column":23},"end":{"line":3,"column":63}},"3":{"start":{"line":4,"column":27},"end":{"line":4,"column":72}},"4":{"start":{"line":7,"column":0},"end":{"line":7,"column":70}},"5":{"start":{"line":10,"column":0},"end":{"line":10,"column":77}},"6":{"start":{"line":13,"column":0},"end":{"line":13,"column":75}},"7":{"start":{"line":16,"column":0},"end":{"line":16,"column":74}},"8":{"start":{"line":18,"column":0},"end":{"line":18,"column":24}}},"fnMap":{},"branchMap":{},"s":{"0":8,"1":8,"2":8,"3":8,"4":8,"5":8,"6":8,"7":8,"8":8},"f":{},"b":{},"_coverageSchema":"1a1c01bbd47fc00a2c39e90264f33305004495a9","hash":"c224b75ed3aeb33e3fc615fd1a2a784becbcfaa1"}
,"/Users/mehmetcelikten/toefl-prep/backend/src/routes/word.routes.js": {"path":"/Users/mehmetcelikten/toefl-prep/backend/src/routes/word.routes.js","statementMap":{"0":{"start":{"line":1,"column":16},"end":{"line":1,"column":34}},"1":{"start":{"line":2,"column":15},"end":{"line":2,"column":31}},"2":{"start":{"line":4,"column":23},"end":{"line":4,"column":64}},"3":{"start":{"line":5,"column":23},"end":{"line":5,"column":63}},"4":{"start":{"line":9,"column":0},"end":{"line":9,"column":55}},"5":{"start":{"line":13,"column":0},"end":{"line":13,"column":59}},"6":{"start":{"line":17,"column":0},"end":{"line":17,"column":56}},"7":{"start":{"line":21,"column":0},"end":{"line":21,"column":58}},"8":{"start":{"line":25,"column":0},"end":{"line":25,"column":61}},"9":{"start":{"line":29,"column":0},"end":{"line":29,"column":69}},"10":{"start":{"line":31,"column":0},"end":{"line":31,"column":24}}},"fnMap":{},"branchMap":{},"s":{"0":8,"1":8,"2":8,"3":8,"4":8,"5":8,"6":8,"7":8,"8":8,"9":8,"10":8},"f":{},"b":{},"_coverageSchema":"1a1c01bbd47fc00a2c39e90264f33305004495a9","hash":"52f6e5973f351f53a4a8595ab925127c33039647"}
,"/Users/mehmetcelikten/toefl-prep/backend/src/routes/writing.routes.js": {"path":"/Users/mehmetcelikten/toefl-prep/backend/src/routes/writing.routes.js","statementMap":{"0":{"start":{"line":1,"column":16},"end":{"line":1,"column":34}},"1":{"start":{"line":2,"column":15},"end":{"line":2,"column":31}},"2":{"start":{"line":3,"column":26},"end":{"line":3,"column":70}},"3":{"start":{"line":4,"column":23},"end":{"line":4,"column":63}},"4":{"start":{"line":7,"column":0},"end":{"line":7,"column":74}},"5":{"start":{"line":8,"column":0},"end":{"line":8,"column":75}},"6":{"start":{"line":9,"column":0},"end":{"line":9,"column":78}},"7":{"start":{"line":11,"column":0},"end":{"line":11,"column":24}}},"fnMap":{},"branchMap":{},"s":{"0":8,"1":8,"2":8,"3":8,"4":8,"5":8,"6":8,"7":8},"f":{},"b":{},"_coverageSchema":"1a1c01bbd47fc00a2c39e90264f33305004495a9","hash":"f06466569a730386f1df22501557ceaac9ac16b9"}
,"/Users/mehmetcelikten/toefl-prep/backend/src/services/badge.service.js": {"path":"/Users/mehmetcelikten/toefl-prep/backend/src/services/badge.service.js","statementMap":{"0":{"start":{"line":1,"column":13},"end":{"line":1,"column":29}},"1":{"start":{"line":5,"column":21},"end":{"line":8,"column":5}},"2":{"start":{"line":9,"column":4},"end":{"line":9,"column":16}},"3":{"start":{"line":13,"column":21},"end":{"line":17,"column":5}},"4":{"start":{"line":18,"column":4},"end":{"line":18,"column":19}},"5":{"start":{"line":23,"column":19},"end":{"line":23,"column":21}},"6":{"start":{"line":25,"column":4},"end":{"line":27,"column":5}},"7":{"start":{"line":26,"column":6},"end":{"line":26,"column":63}},"8":{"start":{"line":28,"column":4},"end":{"line":30,"column":5}},"9":{"start":{"line":29,"column":6},"end":{"line":29,"column":65}},"10":{"start":{"line":31,"column":4},"end":{"line":33,"column":5}},"11":{"start":{"line":32,"column":6},"end":{"line":32,"column":65}},"12":{"start":{"line":35,"column":4},"end":{"line":35,"column":18}},"13":{"start":{"line":39,"column":0},"end":{"line":39,"column":30}}},"fnMap":{"0":{"name":"(anonymous_0)","decl":{"start":{"line":4,"column":2},"end":{"line":4,"column":3}},"loc":{"start":{"line":4,"column":33},"end":{"line":10,"column":3}},"line":4},"1":{"name":"(anonymous_1)","decl":{"start":{"line":12,"column":2},"end":{"line":12,"column":3}},"loc":{"start":{"line":12,"column":45},"end":{"line":19,"column":3}},"line":12},"2":{"name":"(anonymous_2)","decl":{"start":{"line":22,"column":2},"end":{"line":22,"column":3}},"loc":{"start":{"line":22,"column":47},"end":{"line":36,"column":3}},"line":22}},"branchMap":{"0":{"loc":{"start":{"line":25,"column":4},"end":{"line":27,"column":5}},"type":"if","locations":[{"start":{"line":25,"column":4},"end":{"line":27,"column":5}},{"start":{},"end":{}}],"line":25},"1":{"loc":{"start":{"line":28,"column":4},"end":{"line":30,"column":5}},"type":"if","locations":[{"start":{"line":28,"column":4},"end":{"line":30,"column":5}},{"start":{},"end":{}}],"line":28},"2":{"loc":{"start":{"line":31,"column":4},"end":{"line":33,"column":5}},"type":"if","locations":[{"start":{"line":31,"column":4},"end":{"line":33,"column":5}},{"start":{},"end":{}}],"line":31}},"s":{"0":8,"1":1,"2":1,"3":3,"4":3,"5":4,"6":4,"7":3,"8":4,"9":0,"10":4,"11":0,"12":4,"13":8},"f":{"0":1,"1":3,"2":4},"b":{"0":[3,1],"1":[0,4],"2":[0,4]},"_coverageSchema":"1a1c01bbd47fc00a2c39e90264f33305004495a9","hash":"6e86d67487a3a4011b76b1f3f7712e19e30c79fa"}
,"/Users/mehmetcelikten/toefl-prep/backend/src/services/exam.service.js": {"path":"/Users/mehmetcelikten/toefl-prep/backend/src/services/exam.service.js","statementMap":{"0":{"start":{"line":1,"column":13},"end":{"line":1,"column":29}},"1":{"start":{"line":6,"column":4},"end":{"line":15,"column":5}},"2":{"start":{"line":7,"column":23},"end":{"line":13,"column":7}},"3":{"start":{"line":14,"column":6},"end":{"line":14,"column":18}},"4":{"start":{"line":17,"column":21},"end":{"line":21,"column":5}},"5":{"start":{"line":22,"column":4},"end":{"line":22,"column":16}},"6":{"start":{"line":26,"column":21},"end":{"line":26,"column":80}},"7":{"start":{"line":27,"column":4},"end":{"line":27,"column":27}},"8":{"start":{"line":31,"column":4},"end":{"line":33,"column":5}},"9":{"start":{"line":32,"column":6},"end":{"line":32,"column":50}},"10":{"start":{"line":36,"column":21},"end":{"line":36,"column":84}},"11":{"start":{"line":37,"column":17},"end":{"line":37,"column":24}},"12":{"start":{"line":38,"column":4},"end":{"line":38,"column":27}},"13":{"start":{"line":38,"column":15},"end":{"line":38,"column":27}},"14":{"start":{"line":42,"column":6},"end":{"line":44,"column":24}},"15":{"start":{"line":46,"column":19},"end":{"line":46,"column":20}},"16":{"start":{"line":47,"column":4},"end":{"line":51,"column":7}},"17":{"start":{"line":48,"column":6},"end":{"line":50,"column":7}},"18":{"start":{"line":49,"column":8},"end":{"line":49,"column":19}},"19":{"start":{"line":53,"column":21},"end":{"line":53,"column":37}},"20":{"start":{"line":54,"column":24},"end":{"line":54,"column":62}},"21":{"start":{"line":57,"column":32},"end":{"line":61,"column":5}},"22":{"start":{"line":63,"column":4},"end":{"line":70,"column":6}},"23":{"start":{"line":74,"column":0},"end":{"line":74,"column":29}}},"fnMap":{"0":{"name":"(anonymous_0)","decl":{"start":{"line":5,"column":2},"end":{"line":5,"column":3}},"loc":{"start":{"line":5,"column":28},"end":{"line":23,"column":3}},"line":5},"1":{"name":"(anonymous_1)","decl":{"start":{"line":25,"column":2},"end":{"line":25,"column":3}},"loc":{"start":{"line":25,"column":27},"end":{"line":28,"column":3}},"line":25},"2":{"name":"(anonymous_2)","decl":{"start":{"line":30,"column":2},"end":{"line":30,"column":3}},"loc":{"start":{"line":30,"column":47},"end":{"line":71,"column":3}},"line":30},"3":{"name":"(anonymous_3)","decl":{"start":{"line":47,"column":22},"end":{"line":47,"column":23}},"loc":{"start":{"line":47,"column":34},"end":{"line":51,"column":5}},"line":47}},"branchMap":{"0":{"loc":{"start":{"line":6,"column":4},"end":{"line":15,"column":5}},"type":"if","locations":[{"start":{"line":6,"column":4},"end":{"line":15,"column":5}},{"start":{},"end":{}}],"line":6},"1":{"loc":{"start":{"line":27,"column":11},"end":{"line":27,"column":26}},"type":"binary-expr","locations":[{"start":{"line":27,"column":11},"end":{"line":27,"column":18}},{"start":{"line":27,"column":22},"end":{"line":27,"column":26}}],"line":27},"2":{"loc":{"start":{"line":31,"column":4},"end":{"line":33,"column":5}},"type":"if","locations":[{"start":{"line":31,"column":4},"end":{"line":33,"column":5}},{"start":{},"end":{}}],"line":31},"3":{"loc":{"start":{"line":31,"column":8},"end":{"line":31,"column":43}},"type":"binary-expr","locations":[{"start":{"line":31,"column":8},"end":{"line":31,"column":16}},{"start":{"line":31,"column":20},"end":{"line":31,"column":43}}],"line":31},"4":{"loc":{"start":{"line":38,"column":4},"end":{"line":38,"column":27}},"type":"if","locations":[{"start":{"line":38,"column":4},"end":{"line":38,"column":27}},{"start":{},"end":{}}],"line":38},"5":{"loc":{"start":{"line":42,"column":6},"end":{"line":44,"column":24}},"type":"cond-expr","locations":[{"start":{"line":43,"column":10},"end":{"line":43,"column":36}},{"start":{"line":44,"column":10},"end":{"line":44,"column":24}}],"line":42},"6":{"loc":{"start":{"line":48,"column":6},"end":{"line":50,"column":7}},"type":"if","locations":[{"start":{"line":48,"column":6},"end":{"line":50,"column":7}},{"start":{},"end":{}}],"line":48}},"s":{"0":8,"1":1,"2":0,"3":0,"4":1,"5":1,"6":1,"7":1,"8":1,"9":0,"10":1,"11":1,"12":1,"13":0,"14":1,"15":1,"16":1,"17":5,"18":1,"19":1,"20":1,"21":1,"22":1,"23":8},"f":{"0":1,"1":1,"2":1,"3":5},"b":{"0":[0,1],"1":[1,0],"2":[0,1],"3":[1,1],"4":[0,1],"5":[0,1],"6":[1,4]},"_coverageSchema":"1a1c01bbd47fc00a2c39e90264f33305004495a9","hash":"03255317ed4d5eae72d7eb56f8fc0ec4931e0ddf"}
,"/Users/mehmetcelikten/toefl-prep/backend/src/services/progress.service.js": {"path":"/Users/mehmetcelikten/toefl-prep/backend/src/services/progress.service.js","statementMap":{"0":{"start":{"line":1,"column":13},"end":{"line":1,"column":29}},"1":{"start":{"line":5,"column":21},"end":{"line":8,"column":5}},"2":{"start":{"line":10,"column":4},"end":{"line":12,"column":5}},"3":{"start":{"line":11,"column":6},"end":{"line":11,"column":21}},"4":{"start":{"line":15,"column":33},"end":{"line":19,"column":5}},"5":{"start":{"line":20,"column":4},"end":{"line":20,"column":25}},"6":{"start":{"line":24,"column":21},"end":{"line":24,"column":49}},"7":{"start":{"line":26,"column":18},"end":{"line":26,"column":56}},"8":{"start":{"line":27,"column":21},"end":{"line":27,"column":22}},"9":{"start":{"line":29,"column":4},"end":{"line":39,"column":5}},"10":{"start":{"line":30,"column":19},"end":{"line":30,"column":51}},"11":{"start":{"line":31,"column":23},"end":{"line":33,"column":7}},"12":{"start":{"line":34,"column":6},"end":{"line":38,"column":7}},"13":{"start":{"line":35,"column":8},"end":{"line":35,"column":46}},"14":{"start":{"line":36,"column":13},"end":{"line":38,"column":7}},"15":{"start":{"line":37,"column":8},"end":{"line":37,"column":42}},"16":{"start":{"line":41,"column":21},"end":{"line":50,"column":5}},"17":{"start":{"line":52,"column":4},"end":{"line":52,"column":19}},"18":{"start":{"line":56,"column":0},"end":{"line":56,"column":33}}},"fnMap":{"0":{"name":"(anonymous_0)","decl":{"start":{"line":4,"column":2},"end":{"line":4,"column":3}},"loc":{"start":{"line":4,"column":33},"end":{"line":21,"column":3}},"line":4},"1":{"name":"(anonymous_1)","decl":{"start":{"line":23,"column":2},"end":{"line":23,"column":3}},"loc":{"start":{"line":23,"column":71},"end":{"line":53,"column":3}},"line":23}},"branchMap":{"0":{"loc":{"start":{"line":10,"column":4},"end":{"line":12,"column":5}},"type":"if","locations":[{"start":{"line":10,"column":4},"end":{"line":12,"column":5}},{"start":{},"end":{}}],"line":10},"1":{"loc":{"start":{"line":29,"column":4},"end":{"line":39,"column":5}},"type":"if","locations":[{"start":{"line":29,"column":4},"end":{"line":39,"column":5}},{"start":{},"end":{}}],"line":29},"2":{"loc":{"start":{"line":29,"column":8},"end":{"line":29,"column":42}},"type":"binary-expr","locations":[{"start":{"line":29,"column":8},"end":{"line":29,"column":16}},{"start":{"line":29,"column":20},"end":{"line":29,"column":42}}],"line":29},"3":{"loc":{"start":{"line":34,"column":6},"end":{"line":38,"column":7}},"type":"if","locations":[{"start":{"line":34,"column":6},"end":{"line":38,"column":7}},{"start":{"line":36,"column":13},"end":{"line":38,"column":7}}],"line":34},"4":{"loc":{"start":{"line":36,"column":13},"end":{"line":38,"column":7}},"type":"if","locations":[{"start":{"line":36,"column":13},"end":{"line":38,"column":7}},{"start":{},"end":{}}],"line":36}},"s":{"0":8,"1":5,"2":5,"3":2,"4":3,"5":3,"6":4,"7":4,"8":4,"9":4,"10":4,"11":4,"12":4,"13":1,"14":3,"15":3,"16":4,"17":4,"18":8},"f":{"0":5,"1":4},"b":{"0":[2,3],"1":[4,0],"2":[4,4],"3":[1,3],"4":[3,0]},"_coverageSchema":"1a1c01bbd47fc00a2c39e90264f33305004495a9","hash":"e5df8bf2490828d2cf177937e288521ecbd253ec"}
,"/Users/mehmetcelikten/toefl-prep/backend/src/services/speaking.service.js": {"path":"/Users/mehmetcelikten/toefl-prep/backend/src/services/speaking.service.js","statementMap":{"0":{"start":{"line":1,"column":13},"end":{"line":1,"column":29}},"1":{"start":{"line":5,"column":21},"end":{"line":7,"column":5}},"2":{"start":{"line":8,"column":4},"end":{"line":8,"column":16}},"3":{"start":{"line":12,"column":21},"end":{"line":15,"column":5}},"4":{"start":{"line":16,"column":4},"end":{"line":16,"column":27}},"5":{"start":{"line":22,"column":6},"end":{"line":24,"column":28}},"6":{"start":{"line":26,"column":21},"end":{"line":47,"column":5}},"7":{"start":{"line":49,"column":20},"end":{"line":49,"column":27}},"8":{"start":{"line":52,"column":4},"end":{"line":63,"column":6}},"9":{"start":{"line":65,"column":4},"end":{"line":65,"column":19}},"10":{"start":{"line":69,"column":21},"end":{"line":76,"column":5}},"11":{"start":{"line":77,"column":4},"end":{"line":77,"column":16}},"12":{"start":{"line":81,"column":0},"end":{"line":81,"column":33}}},"fnMap":{"0":{"name":"(anonymous_0)","decl":{"start":{"line":4,"column":2},"end":{"line":4,"column":3}},"loc":{"start":{"line":4,"column":28},"end":{"line":9,"column":3}},"line":4},"1":{"name":"(anonymous_1)","decl":{"start":{"line":11,"column":2},"end":{"line":11,"column":3}},"loc":{"start":{"line":11,"column":33},"end":{"line":17,"column":3}},"line":11},"2":{"name":"(anonymous_2)","decl":{"start":{"line":19,"column":2},"end":{"line":19,"column":3}},"loc":{"start":{"line":19,"column":35},"end":{"line":66,"column":3}},"line":19},"3":{"name":"(anonymous_3)","decl":{"start":{"line":68,"column":2},"end":{"line":68,"column":3}},"loc":{"start":{"line":68,"column":41},"end":{"line":78,"column":3}},"line":68}},"branchMap":{"0":{"loc":{"start":{"line":16,"column":11},"end":{"line":16,"column":26}},"type":"binary-expr","locations":[{"start":{"line":16,"column":11},"end":{"line":16,"column":18}},{"start":{"line":16,"column":22},"end":{"line":16,"column":26}}],"line":16},"1":{"loc":{"start":{"line":22,"column":6},"end":{"line":24,"column":28}},"type":"cond-expr","locations":[{"start":{"line":23,"column":10},"end":{"line":23,"column":44}},{"start":{"line":24,"column":10},"end":{"line":24,"column":28}}],"line":22}},"s":{"0":8,"1":1,"2":1,"3":1,"4":1,"5":1,"6":1,"7":1,"8":1,"9":1,"10":0,"11":0,"12":8},"f":{"0":1,"1":1,"2":1,"3":0},"b":{"0":[1,0],"1":[1,0]},"_coverageSchema":"1a1c01bbd47fc00a2c39e90264f33305004495a9","hash":"377e6b3d87348ea2f49646e4e64756de088ec8d7"}
,"/Users/mehmetcelikten/toefl-prep/backend/src/services/user.service.js": {"path":"/Users/mehmetcelikten/toefl-prep/backend/src/services/user.service.js","statementMap":{"0":{"start":{"line":1,"column":13},"end":{"line":1,"column":29}},"1":{"start":{"line":6,"column":19},"end":{"line":11,"column":5}},"2":{"start":{"line":12,"column":4},"end":{"line":12,"column":26}},"3":{"start":{"line":17,"column":19},"end":{"line":21,"column":5}},"4":{"start":{"line":22,"column":4},"end":{"line":22,"column":26}},"5":{"start":{"line":27,"column":19},"end":{"line":31,"column":5}},"6":{"start":{"line":32,"column":4},"end":{"line":32,"column":26}},"7":{"start":{"line":36,"column":0},"end":{"line":36,"column":29}}},"fnMap":{"0":{"name":"(anonymous_0)","decl":{"start":{"line":5,"column":2},"end":{"line":5,"column":3}},"loc":{"start":{"line":5,"column":62},"end":{"line":13,"column":3}},"line":5},"1":{"name":"(anonymous_1)","decl":{"start":{"line":16,"column":2},"end":{"line":16,"column":3}},"loc":{"start":{"line":16,"column":34},"end":{"line":23,"column":3}},"line":16},"2":{"name":"(anonymous_2)","decl":{"start":{"line":26,"column":2},"end":{"line":26,"column":3}},"loc":{"start":{"line":26,"column":28},"end":{"line":33,"column":3}},"line":26}},"branchMap":{},"s":{"0":8,"1":6,"2":6,"3":14,"4":14,"5":1,"6":1,"7":8},"f":{"0":6,"1":14,"2":1},"b":{},"_coverageSchema":"1a1c01bbd47fc00a2c39e90264f33305004495a9","hash":"80372757bf8409e11dae7d64f84dfd1aac236945"}
,"/Users/mehmetcelikten/toefl-prep/backend/src/services/word.service.js": {"path":"/Users/mehmetcelikten/toefl-prep/backend/src/services/word.service.js","statementMap":{"0":{"start":{"line":1,"column":13},"end":{"line":1,"column":29}},"1":{"start":{"line":6,"column":18},"end":{"line":11,"column":5}},"2":{"start":{"line":12,"column":21},"end":{"line":12,"column":61}},"3":{"start":{"line":13,"column":4},"end":{"line":13,"column":16}},"4":{"start":{"line":18,"column":18},"end":{"line":22,"column":5}},"5":{"start":{"line":23,"column":21},"end":{"line":23,"column":50}},"6":{"start":{"line":24,"column":4},"end":{"line":24,"column":27}},"7":{"start":{"line":29,"column":18},"end":{"line":33,"column":5}},"8":{"start":{"line":34,"column":19},"end":{"line":34,"column":50}},"9":{"start":{"line":35,"column":21},"end":{"line":35,"column":52}},"10":{"start":{"line":36,"column":4},"end":{"line":36,"column":19}},"11":{"start":{"line":41,"column":18},"end":{"line":46,"column":5}},"12":{"start":{"line":47,"column":19},"end":{"line":47,"column":54}},"13":{"start":{"line":48,"column":21},"end":{"line":48,"column":52}},"14":{"start":{"line":49,"column":4},"end":{"line":49,"column":27}},"15":{"start":{"line":54,"column":18},"end":{"line":54,"column":64}},"16":{"start":{"line":55,"column":21},"end":{"line":55,"column":50}},"17":{"start":{"line":56,"column":4},"end":{"line":56,"column":27}},"18":{"start":{"line":61,"column":18},"end":{"line":66,"column":5}},"19":{"start":{"line":67,"column":21},"end":{"line":67,"column":53}},"20":{"start":{"line":68,"column":4},"end":{"line":68,"column":16}},"21":{"start":{"line":72,"column":0},"end":{"line":72,"column":29}}},"fnMap":{"0":{"name":"(anonymous_0)","decl":{"start":{"line":5,"column":2},"end":{"line":5,"column":3}},"loc":{"start":{"line":5,"column":46},"end":{"line":14,"column":3}},"line":5},"1":{"name":"(anonymous_1)","decl":{"start":{"line":17,"column":2},"end":{"line":17,"column":3}},"loc":{"start":{"line":17,"column":27},"end":{"line":25,"column":3}},"line":17},"2":{"name":"(anonymous_2)","decl":{"start":{"line":28,"column":2},"end":{"line":28,"column":3}},"loc":{"start":{"line":28,"column":57},"end":{"line":37,"column":3}},"line":28},"3":{"name":"(anonymous_3)","decl":{"start":{"line":40,"column":2},"end":{"line":40,"column":3}},"loc":{"start":{"line":40,"column":61},"end":{"line":50,"column":3}},"line":40},"4":{"name":"(anonymous_4)","decl":{"start":{"line":53,"column":2},"end":{"line":53,"column":3}},"loc":{"start":{"line":53,"column":26},"end":{"line":57,"column":3}},"line":53},"5":{"name":"(anonymous_5)","decl":{"start":{"line":60,"column":2},"end":{"line":60,"column":3}},"loc":{"start":{"line":60,"column":37},"end":{"line":69,"column":3}},"line":60}},"branchMap":{"0":{"loc":{"start":{"line":5,"column":22},"end":{"line":5,"column":32}},"type":"default-arg","locations":[{"start":{"line":5,"column":30},"end":{"line":5,"column":32}}],"line":5},"1":{"loc":{"start":{"line":5,"column":34},"end":{"line":5,"column":44}},"type":"default-arg","locations":[{"start":{"line":5,"column":43},"end":{"line":5,"column":44}}],"line":5},"2":{"loc":{"start":{"line":24,"column":11},"end":{"line":24,"column":26}},"type":"binary-expr","locations":[{"start":{"line":24,"column":11},"end":{"line":24,"column":18}},{"start":{"line":24,"column":22},"end":{"line":24,"column":26}}],"line":24},"3":{"loc":{"start":{"line":49,"column":11},"end":{"line":49,"column":26}},"type":"binary-expr","locations":[{"start":{"line":49,"column":11},"end":{"line":49,"column":18}},{"start":{"line":49,"column":22},"end":{"line":49,"column":26}}],"line":49},"4":{"loc":{"start":{"line":56,"column":11},"end":{"line":56,"column":26}},"type":"binary-expr","locations":[{"start":{"line":56,"column":11},"end":{"line":56,"column":18}},{"start":{"line":56,"column":22},"end":{"line":56,"column":26}}],"line":56},"5":{"loc":{"start":{"line":60,"column":25},"end":{"line":60,"column":35}},"type":"default-arg","locations":[{"start":{"line":60,"column":33},"end":{"line":60,"column":35}}],"line":60}},"s":{"0":8,"1":1,"2":1,"3":1,"4":2,"5":2,"6":2,"7":1,"8":1,"9":1,"10":1,"11":1,"12":1,"13":1,"14":1,"15":1,"16":1,"17":1,"18":0,"19":0,"20":0,"21":8},"f":{"0":1,"1":2,"2":1,"3":1,"4":1,"5":0},"b":{"0":[0],"1":[0],"2":[2,1],"3":[1,0],"4":[1,0],"5":[0]},"_coverageSchema":"1a1c01bbd47fc00a2c39e90264f33305004495a9","hash":"e96e97573955fb0e6fd30450717357a1980d7373"}
,"/Users/mehmetcelikten/toefl-prep/backend/src/services/writing.service.js": {"path":"/Users/mehmetcelikten/toefl-prep/backend/src/services/writing.service.js","statementMap":{"0":{"start":{"line":1,"column":13},"end":{"line":1,"column":29}},"1":{"start":{"line":5,"column":21},"end":{"line":19,"column":5}},"2":{"start":{"line":20,"column":4},"end":{"line":20,"column":19}},"3":{"start":{"line":24,"column":21},"end":{"line":29,"column":5}},"4":{"start":{"line":30,"column":4},"end":{"line":30,"column":16}},"5":{"start":{"line":34,"column":21},"end":{"line":37,"column":5}},"6":{"start":{"line":38,"column":4},"end":{"line":38,"column":27}},"7":{"start":{"line":42,"column":0},"end":{"line":42,"column":32}}},"fnMap":{"0":{"name":"(anonymous_0)","decl":{"start":{"line":4,"column":2},"end":{"line":4,"column":3}},"loc":{"start":{"line":4,"column":35},"end":{"line":21,"column":3}},"line":4},"1":{"name":"(anonymous_1)","decl":{"start":{"line":23,"column":2},"end":{"line":23,"column":3}},"loc":{"start":{"line":23,"column":41},"end":{"line":31,"column":3}},"line":23},"2":{"name":"(anonymous_2)","decl":{"start":{"line":33,"column":2},"end":{"line":33,"column":3}},"loc":{"start":{"line":33,"column":34},"end":{"line":39,"column":3}},"line":33}},"branchMap":{"0":{"loc":{"start":{"line":14,"column":8},"end":{"line":14,"column":34}},"type":"binary-expr","locations":[{"start":{"line":14,"column":8},"end":{"line":14,"column":26}},{"start":{"line":14,"column":30},"end":{"line":14,"column":34}}],"line":14},"1":{"loc":{"start":{"line":15,"column":8},"end":{"line":15,"column":34}},"type":"binary-expr","locations":[{"start":{"line":15,"column":8},"end":{"line":15,"column":26}},{"start":{"line":15,"column":30},"end":{"line":15,"column":34}}],"line":15},"2":{"loc":{"start":{"line":16,"column":8},"end":{"line":16,"column":37}},"type":"binary-expr","locations":[{"start":{"line":16,"column":8},"end":{"line":16,"column":29}},{"start":{"line":16,"column":33},"end":{"line":16,"column":37}}],"line":16},"3":{"loc":{"start":{"line":17,"column":8},"end":{"line":17,"column":29}},"type":"binary-expr","locations":[{"start":{"line":17,"column":8},"end":{"line":17,"column":21}},{"start":{"line":17,"column":25},"end":{"line":17,"column":29}}],"line":17},"4":{"loc":{"start":{"line":38,"column":11},"end":{"line":38,"column":26}},"type":"binary-expr","locations":[{"start":{"line":38,"column":11},"end":{"line":38,"column":18}},{"start":{"line":38,"column":22},"end":{"line":38,"column":26}}],"line":38}},"s":{"0":8,"1":1,"2":1,"3":1,"4":1,"5":1,"6":1,"7":8},"f":{"0":1,"1":1,"2":1},"b":{"0":[1,1],"1":[1,0],"2":[1,0],"3":[1,0],"4":[1,0]},"_coverageSchema":"1a1c01bbd47fc00a2c39e90264f33305004495a9","hash":"93adc0ea064fee07a6f15f41eab097571c9098a4"}
,"/Users/mehmetcelikten/toefl-prep/backend/src/utils/hash.js": {"path":"/Users/mehmetcelikten/toefl-prep/backend/src/utils/hash.js","statementMap":{"0":{"start":{"line":1,"column":15},"end":{"line":1,"column":32}},"1":{"start":{"line":3,"column":20},"end":{"line":3,"column":22}},"2":{"start":{"line":7,"column":2},"end":{"line":7,"column":50}},"3":{"start":{"line":12,"column":2},"end":{"line":12,"column":46}},"4":{"start":{"line":15,"column":0},"end":{"line":18,"column":2}}},"fnMap":{"0":{"name":"hashPassword","decl":{"start":{"line":6,"column":15},"end":{"line":6,"column":27}},"loc":{"start":{"line":6,"column":38},"end":{"line":8,"column":1}},"line":6},"1":{"name":"verifyPassword","decl":{"start":{"line":11,"column":15},"end":{"line":11,"column":29}},"loc":{"start":{"line":11,"column":46},"end":{"line":13,"column":1}},"line":11}},"branchMap":{},"s":{"0":8,"1":8,"2":6,"3":7,"4":8},"f":{"0":6,"1":7},"b":{},"_coverageSchema":"1a1c01bbd47fc00a2c39e90264f33305004495a9","hash":"c3a383f106a381485d103a77212cbc7b0f21667d"}
,"/Users/mehmetcelikten/toefl-prep/backend/src/utils/jwt.js": {"path":"/Users/mehmetcelikten/toefl-prep/backend/src/utils/jwt.js","statementMap":{"0":{"start":{"line":1,"column":12},"end":{"line":1,"column":35}},"1":{"start":{"line":3,"column":19},"end":{"line":3,"column":61}},"2":{"start":{"line":4,"column":23},"end":{"line":4,"column":27}},"3":{"start":{"line":8,"column":2},"end":{"line":8,"column":70}},"4":{"start":{"line":13,"column":2},"end":{"line":17,"column":3}},"5":{"start":{"line":14,"column":4},"end":{"line":14,"column":41}},"6":{"start":{"line":16,"column":4},"end":{"line":16,"column":16}},"7":{"start":{"line":20,"column":0},"end":{"line":23,"column":2}}},"fnMap":{"0":{"name":"generateToken","decl":{"start":{"line":7,"column":9},"end":{"line":7,"column":22}},"loc":{"start":{"line":7,"column":32},"end":{"line":9,"column":1}},"line":7},"1":{"name":"verifyToken","decl":{"start":{"line":12,"column":9},"end":{"line":12,"column":20}},"loc":{"start":{"line":12,"column":28},"end":{"line":18,"column":1}},"line":12}},"branchMap":{"0":{"loc":{"start":{"line":3,"column":19},"end":{"line":3,"column":61}},"type":"binary-expr","locations":[{"start":{"line":3,"column":19},"end":{"line":3,"column":41}},{"start":{"line":3,"column":45},"end":{"line":3,"column":61}}],"line":3}},"s":{"0":8,"1":8,"2":8,"3":13,"4":20,"5":20,"6":0,"7":8},"f":{"0":13,"1":20},"b":{"0":[8,8]},"_coverageSchema":"1a1c01bbd47fc00a2c39e90264f33305004495a9","hash":"ab4c3ee8656391a2c3e5446b5f3a2d9c885679c9"}
}
