TN:
SF:src/app.js
FN:21,(anonymous_0)
FN:35,(anonymous_1)
FNF:2
FNH:1
FNDA:1,(anonymous_0)
FNDA:0,(anonymous_1)
DA:1,8
DA:2,8
DA:3,8
DA:5,8
DA:6,8
DA:7,8
DA:8,8
DA:9,8
DA:10,8
DA:11,8
DA:13,8
DA:16,8
DA:17,8
DA:18,8
DA:21,8
DA:22,1
DA:26,8
DA:27,8
DA:28,8
DA:29,8
DA:30,8
DA:31,8
DA:32,8
DA:35,8
DA:36,0
DA:37,0
DA:39,0
DA:40,0
DA:43,0
DA:46,8
LF:30
LH:25
BRDA:36,0,0,0
BRDA:36,0,1,0
BRDA:37,1,0,0
BRDA:37,1,1,0
BRDA:39,2,0,0
BRDA:39,2,1,0
BRF:6
BRH:0
end_of_record
TN:
SF:src/db.js
FN:17,(anonymous_0)
FN:21,(anonymous_1)
FNF:2
FNH:1
FNDA:7,(anonymous_0)
FNDA:0,(anonymous_1)
DA:1,8
DA:2,8
DA:5,8
DA:9,8
DA:17,8
DA:18,7
DA:21,8
DA:22,0
DA:23,0
DA:26,8
LF:10
LH:8
BRDA:6,0,0,8
BRDA:6,0,1,0
BRDA:10,1,0,8
BRDA:10,1,1,8
BRDA:10,1,2,8
BRDA:11,2,0,8
BRDA:11,2,1,8
BRDA:11,2,2,8
BRDA:12,3,0,8
BRDA:12,3,1,8
BRDA:12,3,2,8
BRDA:13,4,0,8
BRDA:13,4,1,8
BRDA:13,4,2,8
BRDA:14,5,0,8
BRDA:14,5,1,8
BRDA:14,5,2,8
BRDA:18,6,0,7
BRDA:18,6,1,7
BRF:19
BRH:18
end_of_record
TN:
SF:src/controllers/auth.controller.js
FN:7,(anonymous_0)
FN:48,(anonymous_1)
FN:84,(anonymous_2)
FNF:3
FNH:3
FNDA:7,(anonymous_0)
FNDA:7,(anonymous_1)
FNDA:1,(anonymous_2)
DA:1,8
DA:2,8
DA:3,8
DA:8,7
DA:9,7
DA:11,7
DA:12,0
DA:16,7
DA:17,7
DA:18,1
DA:22,6
DA:25,6
DA:32,6
DA:34,6
DA:43,0
DA:49,7
DA:50,7
DA:52,7
DA:53,0
DA:56,7
DA:57,7
DA:58,0
DA:62,7
DA:63,7
DA:64,0
DA:68,7
DA:70,7
DA:79,0
DA:85,1
DA:87,1
DA:89,1
DA:90,0
DA:93,1
DA:99,0
DA:104,8
LF:35
LH:27
BRDA:11,0,0,0
BRDA:11,0,1,7
BRDA:11,1,0,7
BRDA:11,1,1,7
BRDA:17,2,0,1
BRDA:17,2,1,6
BRDA:52,3,0,0
BRDA:52,3,1,7
BRDA:52,4,0,7
BRDA:52,4,1,7
BRDA:57,5,0,0
BRDA:57,5,1,7
BRDA:63,6,0,0
BRDA:63,6,1,7
BRDA:89,7,0,0
BRDA:89,7,1,1
BRF:16
BRH:11
end_of_record
TN:
SF:src/controllers/badge.controller.js
FN:4,(anonymous_0)
FNF:1
FNH:1
FNDA:1,(anonymous_0)
DA:1,8
DA:5,1
DA:6,1
DA:7,1
DA:8,1
DA:10,0
DA:15,8
LF:7
LH:6
BRF:0
BRH:0
end_of_record
TN:
SF:src/controllers/exam.controller.js
FN:7,(anonymous_0)
FN:18,(anonymous_1)
FN:38,(anonymous_2)
FNF:3
FNH:3
FNDA:1,(anonymous_0)
FNDA:1,(anonymous_1)
FNDA:1,(anonymous_2)
DA:1,8
DA:2,8
DA:3,8
DA:8,1
DA:9,1
DA:10,1
DA:11,1
DA:13,0
DA:19,1
DA:20,1
DA:21,1
DA:22,0
DA:25,1
DA:26,1
DA:27,0
DA:30,1
DA:32,0
DA:39,1
DA:40,1
DA:41,1
DA:42,0
DA:45,1
DA:46,1
DA:47,0
DA:50,1
DA:51,1
DA:53,1
DA:54,0
DA:58,1
DA:63,1
DA:65,1
DA:75,0
DA:80,8
LF:33
LH:25
BRDA:21,0,0,0
BRDA:21,0,1,1
BRDA:26,1,0,0
BRDA:26,1,1,1
BRDA:41,2,0,0
BRDA:41,2,1,1
BRDA:46,3,0,0
BRDA:46,3,1,1
BRDA:46,4,0,1
BRDA:46,4,1,1
BRDA:53,5,0,0
BRDA:53,5,1,1
BRF:12
BRH:7
end_of_record
TN:
SF:src/controllers/progress.controller.js
FN:5,(anonymous_0)
FN:16,(anonymous_1)
FNF:2
FNH:2
FNDA:1,(anonymous_0)
FNDA:1,(anonymous_1)
DA:1,8
DA:2,8
DA:6,1
DA:7,1
DA:8,1
DA:9,1
DA:11,0
DA:17,1
DA:18,1
DA:19,1
DA:21,1
DA:22,0
DA:25,1
DA:31,1
DA:33,1
DA:35,0
DA:40,8
LF:17
LH:14
BRDA:9,0,0,1
BRDA:9,0,1,0
BRDA:21,1,0,0
BRDA:21,1,1,1
BRDA:21,2,0,1
BRDA:21,2,1,1
BRF:6
BRH:4
end_of_record
TN:
SF:src/controllers/speaking.controller.js
FN:7,(anonymous_0)
FN:17,(anonymous_1)
FN:32,(anonymous_2)
FN:79,(anonymous_3)
FNF:4
FNH:3
FNDA:1,(anonymous_0)
FNDA:1,(anonymous_1)
FNDA:1,(anonymous_2)
FNDA:0,(anonymous_3)
DA:1,8
DA:2,8
DA:3,8
DA:8,1
DA:9,1
DA:10,1
DA:12,0
DA:18,1
DA:19,1
DA:20,1
DA:21,1
DA:22,0
DA:24,1
DA:26,0
DA:33,1
DA:34,1
DA:35,1
DA:37,1
DA:38,0
DA:42,1
DA:43,1
DA:45,1
DA:61,1
DA:66,1
DA:68,1
DA:74,0
DA:80,0
DA:81,0
DA:82,0
DA:83,0
DA:85,0
DA:90,8
LF:32
LH:22
BRDA:21,0,0,0
BRDA:21,0,1,1
BRDA:37,1,0,0
BRDA:37,1,1,1
BRDA:37,2,0,1
BRDA:37,2,1,1
BRDA:42,3,0,1
BRDA:42,3,1,0
BRF:8
BRH:5
end_of_record
TN:
SF:src/controllers/word.controller.js
FN:5,(anonymous_0)
FN:17,(anonymous_1)
FN:31,(anonymous_2)
FN:53,(anonymous_3)
FN:76,(anonymous_4)
FN:92,(anonymous_5)
FNF:6
FNH:5
FNDA:1,(anonymous_0)
FNDA:2,(anonymous_1)
FNDA:2,(anonymous_2)
FNDA:1,(anonymous_3)
FNDA:1,(anonymous_4)
FNDA:0,(anonymous_5)
DA:1,8
DA:6,1
DA:7,1
DA:8,1
DA:9,1
DA:10,1
DA:12,0
DA:18,2
DA:19,2
DA:20,2
DA:21,2
DA:22,1
DA:24,1
DA:26,0
DA:32,2
DA:33,2
DA:35,2
DA:36,1
DA:39,1
DA:46,1
DA:48,0
DA:54,1
DA:55,1
DA:56,1
DA:58,1
DA:65,1
DA:66,0
DA:69,1
DA:71,0
DA:77,1
DA:78,1
DA:79,1
DA:81,1
DA:82,0
DA:85,1
DA:87,0
DA:93,0
DA:94,0
DA:95,0
DA:96,0
DA:98,0
DA:103,8
LF:42
LH:30
BRDA:7,0,0,1
BRDA:7,0,1,1
BRDA:8,1,0,1
BRDA:8,1,1,1
BRDA:21,2,0,1
BRDA:21,2,1,1
BRDA:35,3,0,1
BRDA:35,3,1,1
BRDA:35,4,0,2
BRDA:35,4,1,2
BRDA:65,5,0,0
BRDA:65,5,1,1
BRDA:81,6,0,0
BRDA:81,6,1,1
BRDA:94,7,0,0
BRDA:94,7,1,0
BRF:16
BRH:12
end_of_record
TN:
SF:src/controllers/writing.controller.js
FN:7,(anonymous_0)
FN:55,(anonymous_1)
FN:66,(anonymous_2)
FNF:3
FNH:3
FNDA:1,(anonymous_0)
FNDA:1,(anonymous_1)
FNDA:1,(anonymous_2)
DA:1,8
DA:2,8
DA:3,8
DA:8,1
DA:9,1
DA:10,1
DA:12,1
DA:13,0
DA:19,1
DA:20,1
DA:21,1
DA:22,1
DA:24,1
DA:26,1
DA:37,1
DA:42,1
DA:44,1
DA:50,0
DA:56,1
DA:57,1
DA:58,1
DA:59,1
DA:61,0
DA:67,1
DA:68,1
DA:69,1
DA:70,0
DA:72,1
DA:74,0
DA:79,8
LF:30
LH:25
BRDA:12,0,0,0
BRDA:12,0,1,1
BRDA:12,1,0,1
BRDA:12,1,1,1
BRDA:69,2,0,0
BRDA:69,2,1,1
BRF:6
BRH:4
end_of_record
TN:
SF:src/middleware/auth.middleware.js
FN:3,authMiddleware
FNF:1
FNH:1
FNDA:20,authMiddleware
DA:1,8
DA:4,20
DA:6,20
DA:7,0
DA:10,20
DA:11,20
DA:13,20
DA:14,0
DA:17,20
DA:18,20
DA:21,8
LF:11
LH:9
BRDA:6,0,0,0
BRDA:6,0,1,20
BRDA:6,1,0,20
BRDA:6,1,1,20
BRDA:13,2,0,0
BRDA:13,2,1,20
BRF:6
BRH:4
end_of_record
TN:
SF:src/routes/auth.routes.js
FNF:0
FNH:0
DA:1,8
DA:2,8
DA:4,8
DA:5,8
DA:10,8
DA:14,8
DA:18,8
DA:20,8
LF:8
LH:8
BRF:0
BRH:0
end_of_record
TN:
SF:src/routes/badge.routes.js
FNF:0
FNH:0
DA:1,8
DA:2,8
DA:3,8
DA:4,8
DA:7,8
DA:9,8
LF:6
LH:6
BRF:0
BRH:0
end_of_record
TN:
SF:src/routes/exam.routes.js
FNF:0
FNH:0
DA:1,8
DA:2,8
DA:4,8
DA:5,8
DA:8,8
DA:11,8
DA:14,8
DA:16,8
LF:8
LH:8
BRF:0
BRH:0
end_of_record
TN:
SF:src/routes/progress.routes.js
FNF:0
FNH:0
DA:1,8
DA:2,8
DA:3,8
DA:4,8
DA:7,8
DA:8,8
DA:10,8
LF:7
LH:7
BRF:0
BRH:0
end_of_record
TN:
SF:src/routes/speaking.routes.js
FNF:0
FNH:0
DA:1,8
DA:2,8
DA:3,8
DA:4,8
DA:7,8
DA:10,8
DA:13,8
DA:16,8
DA:18,8
LF:9
LH:9
BRF:0
BRH:0
end_of_record
TN:
SF:src/routes/word.routes.js
FNF:0
FNH:0
DA:1,8
DA:2,8
DA:4,8
DA:5,8
DA:9,8
DA:13,8
DA:17,8
DA:21,8
DA:25,8
DA:29,8
DA:31,8
LF:11
LH:11
BRF:0
BRH:0
end_of_record
TN:
SF:src/routes/writing.routes.js
FNF:0
FNH:0
DA:1,8
DA:2,8
DA:3,8
DA:4,8
DA:7,8
DA:8,8
DA:9,8
DA:11,8
LF:8
LH:8
BRF:0
BRH:0
end_of_record
TN:
SF:src/services/badge.service.js
FN:4,(anonymous_0)
FN:12,(anonymous_1)
FN:22,(anonymous_2)
FNF:3
FNH:3
FNDA:1,(anonymous_0)
FNDA:3,(anonymous_1)
FNDA:4,(anonymous_2)
DA:1,8
DA:5,1
DA:9,1
DA:13,3
DA:18,3
DA:23,4
DA:25,4
DA:26,3
DA:28,4
DA:29,0
DA:31,4
DA:32,0
DA:35,4
DA:39,8
LF:14
LH:12
BRDA:25,0,0,3
BRDA:25,0,1,1
BRDA:28,1,0,0
BRDA:28,1,1,4
BRDA:31,2,0,0
BRDA:31,2,1,4
BRF:6
BRH:4
end_of_record
TN:
SF:src/services/exam.service.js
FN:5,(anonymous_0)
FN:25,(anonymous_1)
FN:30,(anonymous_2)
FN:47,(anonymous_3)
FNF:4
FNH:4
FNDA:1,(anonymous_0)
FNDA:1,(anonymous_1)
FNDA:1,(anonymous_2)
FNDA:5,(anonymous_3)
DA:1,8
DA:6,1
DA:7,0
DA:14,0
DA:17,1
DA:22,1
DA:26,1
DA:27,1
DA:31,1
DA:32,0
DA:36,1
DA:37,1
DA:38,1
DA:42,1
DA:46,1
DA:47,1
DA:48,5
DA:49,1
DA:53,1
DA:54,1
DA:57,1
DA:63,1
DA:74,8
LF:23
LH:20
BRDA:6,0,0,0
BRDA:6,0,1,1
BRDA:27,1,0,1
BRDA:27,1,1,0
BRDA:31,2,0,0
BRDA:31,2,1,1
BRDA:31,3,0,1
BRDA:31,3,1,1
BRDA:38,4,0,0
BRDA:38,4,1,1
BRDA:42,5,0,0
BRDA:42,5,1,1
BRDA:48,6,0,1
BRDA:48,6,1,4
BRF:14
BRH:9
end_of_record
TN:
SF:src/services/progress.service.js
FN:4,(anonymous_0)
FN:23,(anonymous_1)
FNF:2
FNH:2
FNDA:5,(anonymous_0)
FNDA:4,(anonymous_1)
DA:1,8
DA:5,5
DA:10,5
DA:11,2
DA:15,3
DA:20,3
DA:24,4
DA:26,4
DA:27,4
DA:29,4
DA:30,4
DA:31,4
DA:34,4
DA:35,1
DA:36,3
DA:37,3
DA:41,4
DA:52,4
DA:56,8
LF:19
LH:19
BRDA:10,0,0,2
BRDA:10,0,1,3
BRDA:29,1,0,4
BRDA:29,1,1,0
BRDA:29,2,0,4
BRDA:29,2,1,4
BRDA:34,3,0,1
BRDA:34,3,1,3
BRDA:36,4,0,3
BRDA:36,4,1,0
BRF:10
BRH:8
end_of_record
TN:
SF:src/services/speaking.service.js
FN:4,(anonymous_0)
FN:11,(anonymous_1)
FN:19,(anonymous_2)
FN:68,(anonymous_3)
FNF:4
FNH:3
FNDA:1,(anonymous_0)
FNDA:1,(anonymous_1)
FNDA:1,(anonymous_2)
FNDA:0,(anonymous_3)
DA:1,8
DA:5,1
DA:8,1
DA:12,1
DA:16,1
DA:22,1
DA:26,1
DA:49,1
DA:52,1
DA:65,1
DA:69,0
DA:77,0
DA:81,8
LF:13
LH:11
BRDA:16,0,0,1
BRDA:16,0,1,0
BRDA:22,1,0,1
BRDA:22,1,1,0
BRF:4
BRH:2
end_of_record
TN:
SF:src/services/user.service.js
FN:5,(anonymous_0)
FN:16,(anonymous_1)
FN:26,(anonymous_2)
FNF:3
FNH:3
FNDA:6,(anonymous_0)
FNDA:14,(anonymous_1)
FNDA:1,(anonymous_2)
DA:1,8
DA:6,6
DA:12,6
DA:17,14
DA:22,14
DA:27,1
DA:32,1
DA:36,8
LF:8
LH:8
BRF:0
BRH:0
end_of_record
TN:
SF:src/services/word.service.js
FN:5,(anonymous_0)
FN:17,(anonymous_1)
FN:28,(anonymous_2)
FN:40,(anonymous_3)
FN:53,(anonymous_4)
FN:60,(anonymous_5)
FNF:6
FNH:5
FNDA:1,(anonymous_0)
FNDA:2,(anonymous_1)
FNDA:1,(anonymous_2)
FNDA:1,(anonymous_3)
FNDA:1,(anonymous_4)
FNDA:0,(anonymous_5)
DA:1,8
DA:6,1
DA:12,1
DA:13,1
DA:18,2
DA:23,2
DA:24,2
DA:29,1
DA:34,1
DA:35,1
DA:36,1
DA:41,1
DA:47,1
DA:48,1
DA:49,1
DA:54,1
DA:55,1
DA:56,1
DA:61,0
DA:67,0
DA:68,0
DA:72,8
LF:22
LH:19
BRDA:5,0,0,0
BRDA:5,1,0,0
BRDA:24,2,0,2
BRDA:24,2,1,1
BRDA:49,3,0,1
BRDA:49,3,1,0
BRDA:56,4,0,1
BRDA:56,4,1,0
BRDA:60,5,0,0
BRF:9
BRH:4
end_of_record
TN:
SF:src/services/writing.service.js
FN:4,(anonymous_0)
FN:23,(anonymous_1)
FN:33,(anonymous_2)
FNF:3
FNH:3
FNDA:1,(anonymous_0)
FNDA:1,(anonymous_1)
FNDA:1,(anonymous_2)
DA:1,8
DA:5,1
DA:20,1
DA:24,1
DA:30,1
DA:34,1
DA:38,1
DA:42,8
LF:8
LH:8
BRDA:14,0,0,1
BRDA:14,0,1,1
BRDA:15,1,0,1
BRDA:15,1,1,0
BRDA:16,2,0,1
BRDA:16,2,1,0
BRDA:17,3,0,1
BRDA:17,3,1,0
BRDA:38,4,0,1
BRDA:38,4,1,0
BRF:10
BRH:6
end_of_record
TN:
SF:src/utils/hash.js
FN:6,hashPassword
FN:11,verifyPassword
FNF:2
FNH:2
FNDA:6,hashPassword
FNDA:7,verifyPassword
DA:1,8
DA:3,8
DA:7,6
DA:12,7
DA:15,8
LF:5
LH:5
BRF:0
BRH:0
end_of_record
TN:
SF:src/utils/jwt.js
FN:7,generateToken
FN:12,verifyToken
FNF:2
FNH:2
FNDA:13,generateToken
FNDA:20,verifyToken
DA:1,8
DA:3,8
DA:4,8
DA:8,13
DA:13,20
DA:14,20
DA:16,0
DA:20,8
LF:8
LH:7
BRDA:3,0,0,8
BRDA:3,0,1,8
BRF:2
BRH:2
end_of_record
